   1              		.file	"display.c"
   2              		.global	hh
   3              		.section	.bss.hh,"aw",%nobits
   4              		.align	2
   7              	hh:
   8 0000 00000000 		.space	4
   9              		.global	mm
  10              		.section	.bss.mm,"aw",%nobits
  11              		.align	2
  14              	mm:
  15 0000 00000000 		.space	4
  16              		.global	ss
  17              		.section	.bss.ss,"aw",%nobits
  18              		.align	2
  21              	ss:
  22 0000 00000000 		.space	4
  23              		.global	Font
  24              		.section	.rodata.Font,"a",%progbits
  27              	Font:
  28 0000 04       		.byte	4
  29 0001 00       		.byte	0
  30 0002 02       		.byte	2
  31 0003 40       		.byte	64
  32 0004 10       		.byte	16
  33 0005 06       		.byte	6
  34 0006 06       		.byte	6
  35 0007 08       		.byte	8
  36 0008 00       		.byte	0
  37 0009 00       		.byte	0
  38 000a 00       		.byte	0
  39 000b 00       		.byte	0
  40 000c 00       		.byte	0
  41 000d 00       		.byte	0
  42 000e 00       		.byte	0
  43 000f 06       		.byte	6
  44 0010 5F       		.byte	95
  45 0011 06       		.byte	6
  46 0012 00       		.byte	0
  47 0013 00       		.byte	0
  48 0014 07       		.byte	7
  49 0015 03       		.byte	3
  50 0016 00       		.byte	0
  51 0017 07       		.byte	7
  52 0018 03       		.byte	3
  53 0019 00       		.byte	0
  54 001a 24       		.byte	36
  55 001b 7E       		.byte	126
  56 001c 24       		.byte	36
  57 001d 7E       		.byte	126
  58 001e 24       		.byte	36
  59 001f 00       		.byte	0
  60 0020 24       		.byte	36
  61 0021 2B       		.byte	43
  62 0022 6A       		.byte	106
  63 0023 12       		.byte	18
  64 0024 00       		.byte	0
  65 0025 00       		.byte	0
  66 0026 63       		.byte	99
  67 0027 13       		.byte	19
  68 0028 08       		.byte	8
  69 0029 64       		.byte	100
  70 002a 63       		.byte	99
  71 002b 00       		.byte	0
  72 002c 30       		.byte	48
  73 002d 4C       		.byte	76
  74 002e 52       		.byte	82
  75 002f 22       		.byte	34
  76 0030 50       		.byte	80
  77 0031 00       		.byte	0
  78 0032 00       		.byte	0
  79 0033 07       		.byte	7
  80 0034 03       		.byte	3
  81 0035 00       		.byte	0
  82 0036 00       		.byte	0
  83 0037 00       		.byte	0
  84 0038 00       		.byte	0
  85 0039 3E       		.byte	62
  86 003a 41       		.byte	65
  87 003b 00       		.byte	0
  88 003c 00       		.byte	0
  89 003d 00       		.byte	0
  90 003e 00       		.byte	0
  91 003f 41       		.byte	65
  92 0040 3E       		.byte	62
  93 0041 00       		.byte	0
  94 0042 00       		.byte	0
  95 0043 00       		.byte	0
  96 0044 08       		.byte	8
  97 0045 3E       		.byte	62
  98 0046 1C       		.byte	28
  99 0047 3E       		.byte	62
 100 0048 08       		.byte	8
 101 0049 00       		.byte	0
 102 004a 08       		.byte	8
 103 004b 08       		.byte	8
 104 004c 3E       		.byte	62
 105 004d 08       		.byte	8
 106 004e 08       		.byte	8
 107 004f 00       		.byte	0
 108 0050 80       		.byte	-128
 109 0051 60       		.byte	96
 110 0052 60       		.byte	96
 111 0053 00       		.byte	0
 112 0054 00       		.byte	0
 113 0055 00       		.byte	0
 114 0056 08       		.byte	8
 115 0057 08       		.byte	8
 116 0058 08       		.byte	8
 117 0059 08       		.byte	8
 118 005a 08       		.byte	8
 119 005b 00       		.byte	0
 120 005c 00       		.byte	0
 121 005d 60       		.byte	96
 122 005e 60       		.byte	96
 123 005f 00       		.byte	0
 124 0060 00       		.byte	0
 125 0061 00       		.byte	0
 126 0062 20       		.byte	32
 127 0063 10       		.byte	16
 128 0064 08       		.byte	8
 129 0065 04       		.byte	4
 130 0066 02       		.byte	2
 131 0067 00       		.byte	0
 132 0068 3E       		.byte	62
 133 0069 51       		.byte	81
 134 006a 49       		.byte	73
 135 006b 45       		.byte	69
 136 006c 3E       		.byte	62
 137 006d 00       		.byte	0
 138 006e 00       		.byte	0
 139 006f 42       		.byte	66
 140 0070 7F       		.byte	127
 141 0071 40       		.byte	64
 142 0072 00       		.byte	0
 143 0073 00       		.byte	0
 144 0074 62       		.byte	98
 145 0075 51       		.byte	81
 146 0076 49       		.byte	73
 147 0077 49       		.byte	73
 148 0078 46       		.byte	70
 149 0079 00       		.byte	0
 150 007a 22       		.byte	34
 151 007b 49       		.byte	73
 152 007c 49       		.byte	73
 153 007d 49       		.byte	73
 154 007e 36       		.byte	54
 155 007f 00       		.byte	0
 156 0080 18       		.byte	24
 157 0081 14       		.byte	20
 158 0082 12       		.byte	18
 159 0083 7F       		.byte	127
 160 0084 10       		.byte	16
 161 0085 00       		.byte	0
 162 0086 2F       		.byte	47
 163 0087 49       		.byte	73
 164 0088 49       		.byte	73
 165 0089 49       		.byte	73
 166 008a 31       		.byte	49
 167 008b 00       		.byte	0
 168 008c 3C       		.byte	60
 169 008d 4A       		.byte	74
 170 008e 49       		.byte	73
 171 008f 49       		.byte	73
 172 0090 30       		.byte	48
 173 0091 00       		.byte	0
 174 0092 01       		.byte	1
 175 0093 71       		.byte	113
 176 0094 09       		.byte	9
 177 0095 05       		.byte	5
 178 0096 03       		.byte	3
 179 0097 00       		.byte	0
 180 0098 36       		.byte	54
 181 0099 49       		.byte	73
 182 009a 49       		.byte	73
 183 009b 49       		.byte	73
 184 009c 36       		.byte	54
 185 009d 00       		.byte	0
 186 009e 06       		.byte	6
 187 009f 49       		.byte	73
 188 00a0 49       		.byte	73
 189 00a1 29       		.byte	41
 190 00a2 1E       		.byte	30
 191 00a3 00       		.byte	0
 192 00a4 00       		.byte	0
 193 00a5 6C       		.byte	108
 194 00a6 6C       		.byte	108
 195 00a7 00       		.byte	0
 196 00a8 00       		.byte	0
 197 00a9 00       		.byte	0
 198 00aa 00       		.byte	0
 199 00ab EC       		.byte	-20
 200 00ac 6C       		.byte	108
 201 00ad 00       		.byte	0
 202 00ae 00       		.byte	0
 203 00af 00       		.byte	0
 204 00b0 08       		.byte	8
 205 00b1 14       		.byte	20
 206 00b2 22       		.byte	34
 207 00b3 41       		.byte	65
 208 00b4 00       		.byte	0
 209 00b5 00       		.byte	0
 210 00b6 24       		.byte	36
 211 00b7 24       		.byte	36
 212 00b8 24       		.byte	36
 213 00b9 24       		.byte	36
 214 00ba 24       		.byte	36
 215 00bb 00       		.byte	0
 216 00bc 00       		.byte	0
 217 00bd 41       		.byte	65
 218 00be 22       		.byte	34
 219 00bf 14       		.byte	20
 220 00c0 08       		.byte	8
 221 00c1 00       		.byte	0
 222 00c2 02       		.byte	2
 223 00c3 01       		.byte	1
 224 00c4 59       		.byte	89
 225 00c5 09       		.byte	9
 226 00c6 06       		.byte	6
 227 00c7 00       		.byte	0
 228 00c8 3E       		.byte	62
 229 00c9 41       		.byte	65
 230 00ca 5D       		.byte	93
 231 00cb 55       		.byte	85
 232 00cc 1E       		.byte	30
 233 00cd 00       		.byte	0
 234 00ce 7E       		.byte	126
 235 00cf 11       		.byte	17
 236 00d0 11       		.byte	17
 237 00d1 11       		.byte	17
 238 00d2 7E       		.byte	126
 239 00d3 00       		.byte	0
 240 00d4 7F       		.byte	127
 241 00d5 49       		.byte	73
 242 00d6 49       		.byte	73
 243 00d7 49       		.byte	73
 244 00d8 36       		.byte	54
 245 00d9 00       		.byte	0
 246 00da 3E       		.byte	62
 247 00db 41       		.byte	65
 248 00dc 41       		.byte	65
 249 00dd 41       		.byte	65
 250 00de 22       		.byte	34
 251 00df 00       		.byte	0
 252 00e0 7F       		.byte	127
 253 00e1 41       		.byte	65
 254 00e2 41       		.byte	65
 255 00e3 41       		.byte	65
 256 00e4 3E       		.byte	62
 257 00e5 00       		.byte	0
 258 00e6 7F       		.byte	127
 259 00e7 49       		.byte	73
 260 00e8 49       		.byte	73
 261 00e9 49       		.byte	73
 262 00ea 41       		.byte	65
 263 00eb 00       		.byte	0
 264 00ec 7F       		.byte	127
 265 00ed 09       		.byte	9
 266 00ee 09       		.byte	9
 267 00ef 09       		.byte	9
 268 00f0 01       		.byte	1
 269 00f1 00       		.byte	0
 270 00f2 3E       		.byte	62
 271 00f3 41       		.byte	65
 272 00f4 49       		.byte	73
 273 00f5 49       		.byte	73
 274 00f6 7A       		.byte	122
 275 00f7 00       		.byte	0
 276 00f8 7F       		.byte	127
 277 00f9 08       		.byte	8
 278 00fa 08       		.byte	8
 279 00fb 08       		.byte	8
 280 00fc 7F       		.byte	127
 281 00fd 00       		.byte	0
 282 00fe 00       		.byte	0
 283 00ff 41       		.byte	65
 284 0100 7F       		.byte	127
 285 0101 41       		.byte	65
 286 0102 00       		.byte	0
 287 0103 00       		.byte	0
 288 0104 30       		.byte	48
 289 0105 40       		.byte	64
 290 0106 40       		.byte	64
 291 0107 40       		.byte	64
 292 0108 3F       		.byte	63
 293 0109 00       		.byte	0
 294 010a 7F       		.byte	127
 295 010b 08       		.byte	8
 296 010c 14       		.byte	20
 297 010d 22       		.byte	34
 298 010e 41       		.byte	65
 299 010f 00       		.byte	0
 300 0110 7F       		.byte	127
 301 0111 40       		.byte	64
 302 0112 40       		.byte	64
 303 0113 40       		.byte	64
 304 0114 40       		.byte	64
 305 0115 00       		.byte	0
 306 0116 7F       		.byte	127
 307 0117 02       		.byte	2
 308 0118 04       		.byte	4
 309 0119 02       		.byte	2
 310 011a 7F       		.byte	127
 311 011b 00       		.byte	0
 312 011c 7F       		.byte	127
 313 011d 02       		.byte	2
 314 011e 04       		.byte	4
 315 011f 08       		.byte	8
 316 0120 7F       		.byte	127
 317 0121 00       		.byte	0
 318 0122 3E       		.byte	62
 319 0123 41       		.byte	65
 320 0124 41       		.byte	65
 321 0125 41       		.byte	65
 322 0126 3E       		.byte	62
 323 0127 00       		.byte	0
 324 0128 7F       		.byte	127
 325 0129 09       		.byte	9
 326 012a 09       		.byte	9
 327 012b 09       		.byte	9
 328 012c 06       		.byte	6
 329 012d 00       		.byte	0
 330 012e 3E       		.byte	62
 331 012f 41       		.byte	65
 332 0130 51       		.byte	81
 333 0131 21       		.byte	33
 334 0132 5E       		.byte	94
 335 0133 00       		.byte	0
 336 0134 7F       		.byte	127
 337 0135 09       		.byte	9
 338 0136 09       		.byte	9
 339 0137 19       		.byte	25
 340 0138 66       		.byte	102
 341 0139 00       		.byte	0
 342 013a 26       		.byte	38
 343 013b 49       		.byte	73
 344 013c 49       		.byte	73
 345 013d 49       		.byte	73
 346 013e 32       		.byte	50
 347 013f 00       		.byte	0
 348 0140 01       		.byte	1
 349 0141 01       		.byte	1
 350 0142 7F       		.byte	127
 351 0143 01       		.byte	1
 352 0144 01       		.byte	1
 353 0145 00       		.byte	0
 354 0146 3F       		.byte	63
 355 0147 40       		.byte	64
 356 0148 40       		.byte	64
 357 0149 40       		.byte	64
 358 014a 3F       		.byte	63
 359 014b 00       		.byte	0
 360 014c 1F       		.byte	31
 361 014d 20       		.byte	32
 362 014e 40       		.byte	64
 363 014f 20       		.byte	32
 364 0150 1F       		.byte	31
 365 0151 00       		.byte	0
 366 0152 3F       		.byte	63
 367 0153 40       		.byte	64
 368 0154 3C       		.byte	60
 369 0155 40       		.byte	64
 370 0156 3F       		.byte	63
 371 0157 00       		.byte	0
 372 0158 63       		.byte	99
 373 0159 14       		.byte	20
 374 015a 08       		.byte	8
 375 015b 14       		.byte	20
 376 015c 63       		.byte	99
 377 015d 00       		.byte	0
 378 015e 07       		.byte	7
 379 015f 08       		.byte	8
 380 0160 70       		.byte	112
 381 0161 08       		.byte	8
 382 0162 07       		.byte	7
 383 0163 00       		.byte	0
 384 0164 71       		.byte	113
 385 0165 49       		.byte	73
 386 0166 45       		.byte	69
 387 0167 43       		.byte	67
 388 0168 00       		.byte	0
 389 0169 00       		.byte	0
 390 016a 00       		.byte	0
 391 016b 7F       		.byte	127
 392 016c 41       		.byte	65
 393 016d 41       		.byte	65
 394 016e 00       		.byte	0
 395 016f 00       		.byte	0
 396 0170 02       		.byte	2
 397 0171 04       		.byte	4
 398 0172 08       		.byte	8
 399 0173 10       		.byte	16
 400 0174 20       		.byte	32
 401 0175 00       		.byte	0
 402 0176 00       		.byte	0
 403 0177 41       		.byte	65
 404 0178 41       		.byte	65
 405 0179 7F       		.byte	127
 406 017a 00       		.byte	0
 407 017b 00       		.byte	0
 408 017c 04       		.byte	4
 409 017d 02       		.byte	2
 410 017e 01       		.byte	1
 411 017f 02       		.byte	2
 412 0180 04       		.byte	4
 413 0181 00       		.byte	0
 414 0182 80       		.byte	-128
 415 0183 80       		.byte	-128
 416 0184 80       		.byte	-128
 417 0185 80       		.byte	-128
 418 0186 80       		.byte	-128
 419 0187 00       		.byte	0
 420 0188 00       		.byte	0
 421 0189 02       		.byte	2
 422 018a 05       		.byte	5
 423 018b 02       		.byte	2
 424 018c 00       		.byte	0
 425 018d 00       		.byte	0
 426 018e 20       		.byte	32
 427 018f 54       		.byte	84
 428 0190 54       		.byte	84
 429 0191 54       		.byte	84
 430 0192 78       		.byte	120
 431 0193 00       		.byte	0
 432 0194 7F       		.byte	127
 433 0195 44       		.byte	68
 434 0196 44       		.byte	68
 435 0197 44       		.byte	68
 436 0198 38       		.byte	56
 437 0199 00       		.byte	0
 438 019a 38       		.byte	56
 439 019b 44       		.byte	68
 440 019c 44       		.byte	68
 441 019d 44       		.byte	68
 442 019e 28       		.byte	40
 443 019f 00       		.byte	0
 444 01a0 38       		.byte	56
 445 01a1 44       		.byte	68
 446 01a2 44       		.byte	68
 447 01a3 44       		.byte	68
 448 01a4 7F       		.byte	127
 449 01a5 00       		.byte	0
 450 01a6 38       		.byte	56
 451 01a7 54       		.byte	84
 452 01a8 54       		.byte	84
 453 01a9 54       		.byte	84
 454 01aa 08       		.byte	8
 455 01ab 00       		.byte	0
 456 01ac 08       		.byte	8
 457 01ad 7E       		.byte	126
 458 01ae 09       		.byte	9
 459 01af 09       		.byte	9
 460 01b0 00       		.byte	0
 461 01b1 00       		.byte	0
 462 01b2 18       		.byte	24
 463 01b3 24       		.byte	36
 464 01b4 A4       		.byte	-92
 465 01b5 A4       		.byte	-92
 466 01b6 FC       		.byte	-4
 467 01b7 00       		.byte	0
 468 01b8 7F       		.byte	127
 469 01b9 04       		.byte	4
 470 01ba 04       		.byte	4
 471 01bb 78       		.byte	120
 472 01bc 00       		.byte	0
 473 01bd 00       		.byte	0
 474 01be 00       		.byte	0
 475 01bf 00       		.byte	0
 476 01c0 7D       		.byte	125
 477 01c1 40       		.byte	64
 478 01c2 00       		.byte	0
 479 01c3 00       		.byte	0
 480 01c4 40       		.byte	64
 481 01c5 80       		.byte	-128
 482 01c6 84       		.byte	-124
 483 01c7 7D       		.byte	125
 484 01c8 00       		.byte	0
 485 01c9 00       		.byte	0
 486 01ca 7F       		.byte	127
 487 01cb 10       		.byte	16
 488 01cc 28       		.byte	40
 489 01cd 44       		.byte	68
 490 01ce 00       		.byte	0
 491 01cf 00       		.byte	0
 492 01d0 00       		.byte	0
 493 01d1 00       		.byte	0
 494 01d2 7F       		.byte	127
 495 01d3 40       		.byte	64
 496 01d4 00       		.byte	0
 497 01d5 00       		.byte	0
 498 01d6 7C       		.byte	124
 499 01d7 04       		.byte	4
 500 01d8 18       		.byte	24
 501 01d9 04       		.byte	4
 502 01da 78       		.byte	120
 503 01db 00       		.byte	0
 504 01dc 7C       		.byte	124
 505 01dd 04       		.byte	4
 506 01de 04       		.byte	4
 507 01df 78       		.byte	120
 508 01e0 00       		.byte	0
 509 01e1 00       		.byte	0
 510 01e2 38       		.byte	56
 511 01e3 44       		.byte	68
 512 01e4 44       		.byte	68
 513 01e5 44       		.byte	68
 514 01e6 38       		.byte	56
 515 01e7 00       		.byte	0
 516 01e8 FC       		.byte	-4
 517 01e9 44       		.byte	68
 518 01ea 44       		.byte	68
 519 01eb 44       		.byte	68
 520 01ec 38       		.byte	56
 521 01ed 00       		.byte	0
 522 01ee 38       		.byte	56
 523 01ef 44       		.byte	68
 524 01f0 44       		.byte	68
 525 01f1 44       		.byte	68
 526 01f2 FC       		.byte	-4
 527 01f3 00       		.byte	0
 528 01f4 44       		.byte	68
 529 01f5 78       		.byte	120
 530 01f6 44       		.byte	68
 531 01f7 04       		.byte	4
 532 01f8 08       		.byte	8
 533 01f9 00       		.byte	0
 534 01fa 08       		.byte	8
 535 01fb 54       		.byte	84
 536 01fc 54       		.byte	84
 537 01fd 54       		.byte	84
 538 01fe 20       		.byte	32
 539 01ff 00       		.byte	0
 540 0200 04       		.byte	4
 541 0201 3E       		.byte	62
 542 0202 44       		.byte	68
 543 0203 24       		.byte	36
 544 0204 00       		.byte	0
 545 0205 00       		.byte	0
 546 0206 3C       		.byte	60
 547 0207 40       		.byte	64
 548 0208 20       		.byte	32
 549 0209 7C       		.byte	124
 550 020a 00       		.byte	0
 551 020b 00       		.byte	0
 552 020c 1C       		.byte	28
 553 020d 20       		.byte	32
 554 020e 40       		.byte	64
 555 020f 20       		.byte	32
 556 0210 1C       		.byte	28
 557 0211 00       		.byte	0
 558 0212 3C       		.byte	60
 559 0213 60       		.byte	96
 560 0214 30       		.byte	48
 561 0215 60       		.byte	96
 562 0216 3C       		.byte	60
 563 0217 00       		.byte	0
 564 0218 6C       		.byte	108
 565 0219 10       		.byte	16
 566 021a 10       		.byte	16
 567 021b 6C       		.byte	108
 568 021c 00       		.byte	0
 569 021d 00       		.byte	0
 570 021e 9C       		.byte	-100
 571 021f A0       		.byte	-96
 572 0220 60       		.byte	96
 573 0221 3C       		.byte	60
 574 0222 00       		.byte	0
 575 0223 00       		.byte	0
 576 0224 64       		.byte	100
 577 0225 54       		.byte	84
 578 0226 54       		.byte	84
 579 0227 4C       		.byte	76
 580 0228 00       		.byte	0
 581 0229 00       		.byte	0
 582 022a 08       		.byte	8
 583 022b 3E       		.byte	62
 584 022c 41       		.byte	65
 585 022d 41       		.byte	65
 586 022e 00       		.byte	0
 587 022f 00       		.byte	0
 588 0230 00       		.byte	0
 589 0231 00       		.byte	0
 590 0232 77       		.byte	119
 591 0233 00       		.byte	0
 592 0234 00       		.byte	0
 593 0235 00       		.byte	0
 594 0236 00       		.byte	0
 595 0237 41       		.byte	65
 596 0238 41       		.byte	65
 597 0239 3E       		.byte	62
 598 023a 08       		.byte	8
 599 023b 00       		.byte	0
 600 023c 02       		.byte	2
 601 023d 01       		.byte	1
 602 023e 02       		.byte	2
 603 023f 01       		.byte	1
 604 0240 00       		.byte	0
 605 0241 00       		.byte	0
 606 0242 10       		.byte	16
 607 0243 20       		.byte	32
 608 0244 40       		.byte	64
 609 0245 38       		.byte	56
 610 0246 07       		.byte	7
 611 0247 00       		.byte	0
 612              		.global	DisplayLineString
 613              		.section	.data.DisplayLineString,"aw",%progbits
 616              	DisplayLineString:
 617 0000 B0       		.byte	-80
 618 0001 10       		.byte	16
 619 0002 00       		.byte	0
 620 0003 B1       		.byte	-79
 621 0004 10       		.byte	16
 622 0005 00       		.byte	0
 623 0006 B2       		.byte	-78
 624 0007 10       		.byte	16
 625 0008 00       		.byte	0
 626 0009 B3       		.byte	-77
 627 000a 10       		.byte	16
 628 000b 00       		.byte	0
 629 000c B4       		.byte	-76
 630 000d 10       		.byte	16
 631 000e 00       		.byte	0
 632 000f B5       		.byte	-75
 633 0010 10       		.byte	16
 634 0011 00       		.byte	0
 635 0012 B6       		.byte	-74
 636 0013 10       		.byte	16
 637 0014 00       		.byte	0
 638 0015 B7       		.byte	-73
 639 0016 10       		.byte	16
 640 0017 00       		.byte	0
 641              		.global	DisplayInitString
 642              		.section	.data.DisplayInitString,"aw",%progbits
 645              	DisplayInitString:
 646 0000 EB       		.byte	-21
 647 0001 2F       		.byte	47
 648 0002 A4       		.byte	-92
 649 0003 A6       		.byte	-90
 650 0004 40       		.byte	64
 651 0005 81       		.byte	-127
 652 0006 5A       		.byte	90
 653 0007 C4       		.byte	-60
 654 0008 27       		.byte	39
 655 0009 29       		.byte	41
 656 000a A0       		.byte	-96
 657 000b 88       		.byte	-120
 658 000c 23       		.byte	35
 659 000d AF       		.byte	-81
 660              		.section	.text.DisplayInit,"ax",%progbits
 661              		.align	2
 662              		.global	DisplayInit
 664              	DisplayInit:
 665              		@ args = 0, pretend = 0, frame = 0
 666              		@ frame_needed = 0, uses_anonymous_args = 0
 667 0000 F8309FE5 		ldr	r3, .L3
 668 0004 20C0A0E3 		mov	ip, #32
 669 0008 F04F2DE9 		stmfd	sp!, {r4, r5, r6, r7, r8, r9, sl, fp, lr}
 670 000c 010AA0E3 		mov	r0, #4096
 671 0010 10C803E4 		str	ip, [r3], #-2064
 672 0014 000083E5 		str	r0, [r3, #0]
 673 0018 E4409FE5 		ldr	r4, .L3+4
 674 001c E4509FE5 		ldr	r5, .L3+8
 675 0020 E4609FE5 		ldr	r6, .L3+12
 676 0024 E4709FE5 		ldr	r7, .L3+16
 677 0028 E4809FE5 		ldr	r8, .L3+20
 678 002c E4A09FE5 		ldr	sl, .L3+24
 679 0030 E4B09FE5 		ldr	fp, .L3+28
 680 0034 E4909FE5 		ldr	r9, .L3+32
 681 0038 103083E2 		add	r3, r3, #16
 682 003c 000083E5 		str	r0, [r3, #0]
 683 0040 0129A0E3 		mov	r2, #16384
 684 0044 143083E2 		add	r3, r3, #20
 685 0048 000084E5 		str	r0, [r4, #0]
 686 004c 021AA0E3 		mov	r1, #8192
 687 0050 002085E5 		str	r2, [r5, #0]
 688 0054 002089E5 		str	r2, [r9, #0]
 689 0058 002086E5 		str	r2, [r6, #0]
 690 005c 002087E5 		str	r2, [r7, #0]
 691 0060 002088E5 		str	r2, [r8, #0]
 692 0064 00208AE5 		str	r2, [sl, #0]
 693 0068 002083E5 		str	r2, [r3, #0]
 694 006c 002084E5 		str	r2, [r4, #0]
 695 0070 00208BE5 		str	r2, [fp, #0]
 696 0074 A8209FE5 		ldr	r2, .L3+36
 697 0078 001085E5 		str	r1, [r5, #0]
 698 007c 01EBA0E3 		mov	lr, #1024
 699 0080 001089E5 		str	r1, [r9, #0]
 700 0084 001086E5 		str	r1, [r6, #0]
 701 0088 001087E5 		str	r1, [r7, #0]
 702 008c 001088E5 		str	r1, [r8, #0]
 703 0090 00108AE5 		str	r1, [sl, #0]
 704 0094 501083E4 		str	r1, [r3], #80
 705 0098 001084E5 		str	r1, [r4, #0]
 706 009c 00108BE5 		str	r1, [fp, #0]
 707 00a0 00E085E5 		str	lr, [r5, #0]
 708 00a4 00E083E5 		str	lr, [r3, #0]
 709 00a8 00E086E5 		str	lr, [r6, #0]
 710 00ac 00E087E5 		str	lr, [r7, #0]
 711 00b0 00E088E5 		str	lr, [r8, #0]
 712 00b4 00E08AE5 		str	lr, [sl, #0]
 713 00b8 00E082E5 		str	lr, [r2, #0]
 714 00bc 64209FE5 		ldr	r2, .L3+40
 715 00c0 8030A0E3 		mov	r3, #128
 716 00c4 00E084E5 		str	lr, [r4, #0]
 717 00c8 00E08BE5 		str	lr, [fp, #0]
 718 00cc 003082E5 		str	r3, [r2, #0]
 719 00d0 0130A0E3 		mov	r3, #1
 720 00d4 003082E5 		str	r3, [r2, #0]
 721 00d8 4C209FE5 		ldr	r2, .L3+44
 722 00dc 4C309FE5 		ldr	r3, .L3+48
 723 00e0 002083E5 		str	r2, [r3, #0]
 724 00e4 48209FE5 		ldr	r2, .L3+52
 725 00e8 343083E2 		add	r3, r3, #52
 726 00ec 002083E5 		str	r2, [r3, #0]
 727 00f0 40209FE5 		ldr	r2, .L3+56
 728 00f4 40309FE5 		ldr	r3, .L3+60
 729 00f8 002083E5 		str	r2, [r3, #0]
 730 00fc F08FBDE8 		ldmfd	sp!, {r4, r5, r6, r7, r8, r9, sl, fp, pc}
 731              	.L4:
 732              		.align	2
 733              	.L3:
 734 0100 10FCFFFF 		.word	-1008
 735 0104 34F4FFFF 		.word	-3020
 736 0108 04F4FFFF 		.word	-3068
 737 010c 14F4FFFF 		.word	-3052
 738 0110 A0F4FFFF 		.word	-2912
 739 0114 54F4FFFF 		.word	-2988
 740 0118 60F4FFFF 		.word	-2976
 741 011c 44F4FFFF 		.word	-3004
 742 0120 70F4FFFF 		.word	-2960
 743 0124 24F4FFFF 		.word	-3036
 744 0128 0000FEFF 		.word	-131072
 745 012c 11000B00 		.word	720913
 746 0130 0400FEFF 		.word	-131068
 747 0134 01180000 		.word	6145
 748 0138 04000000 		.word	IOMapDisplay+4
 749 013c 00000000 		.word	IOMapDisplay
 751              		.section	.text.DisplayOn,"ax",%progbits
 752              		.align	2
 753              		.global	DisplayOn
 755              	DisplayOn:
 756              		@ args = 0, pretend = 0, frame = 0
 757              		@ frame_needed = 0, uses_anonymous_args = 0
 758              		@ link register save eliminated.
 759 0000 FF0010E2 		ands	r0, r0, #255
 760 0004 1C209FE5 		ldr	r2, .L10
 761 0008 5030E013 		mvnne	r3, #80
 762 000c 0D30C215 		strneb	r3, [r2, #13]
 763 0010 5130E003 		mvneq	r3, #81
 764 0014 AB308312 		addne	r3, r3, #171
 765              		@ lr needed for prologue
 766 0018 0630C215 		strneb	r3, [r2, #6]
 767 001c 0D30C205 		streqb	r3, [r2, #13]
 768 0020 0600C205 		streqb	r0, [r2, #6]
 769 0024 1EFF2FE1 		bx	lr
 770              	.L11:
 771              		.align	2
 772              	.L10:
 773 0028 00000000 		.word	DisplayInitString
 775              		.section	.text.DisplayExit,"ax",%progbits
 776              		.align	2
 777              		.global	DisplayExit
 779              	DisplayExit:
 780              		@ args = 0, pretend = 0, frame = 0
 781              		@ frame_needed = 0, uses_anonymous_args = 0
 782              		@ link register save eliminated.
 783              		@ lr needed for prologue
 784 0000 1EFF2FE1 		bx	lr
 786              		.section	.text.DisplayWrite,"ax",%progbits
 787              		.align	2
 788              		.global	DisplayWrite
 790              	DisplayWrite:
 791              		@ args = 0, pretend = 0, frame = 0
 792              		@ frame_needed = 0, uses_anonymous_args = 0
 793              		@ link register save eliminated.
 794 0000 50309FE5 		ldr	r3, .L23
 795 0004 003093E5 		ldr	r3, [r3, #0]
 796 0008 0228A0E1 		mov	r2, r2, asl #16
 797 000c 023C13E2 		ands	r3, r3, #512
 798              		@ lr needed for prologue
 799 0010 FF0000E2 		and	r0, r0, #255
 800 0014 22C8A0E1 		mov	ip, r2, lsr #16
 801 0018 1200000A 		beq	.L17
 802 001c 000050E3 		cmp	r0, #0
 803 0020 34309F15 		ldrne	r3, .L23+4
 804 0024 34309F05 		ldreq	r3, .L23+8
 805 0028 012AA013 		movne	r2, #4096
 806 002c 012AA003 		moveq	r2, #4096
 807 0030 002083E5 		str	r2, [r3, #0]
 808 0034 28309FE5 		ldr	r3, .L23+12
 809 0038 041083E4 		str	r1, [r3], #4
 810 003c 00C083E5 		str	ip, [r3, #0]
 811 0040 012CA0E3 		mov	r2, #256
 812 0044 143083E2 		add	r3, r3, #20
 813 0048 002083E5 		str	r2, [r3, #0]
 814 004c 0130A0E3 		mov	r3, #1
 815              	.L17:
 816 0050 0300A0E1 		mov	r0, r3
 817 0054 1EFF2FE1 		bx	lr
 818              	.L24:
 819              		.align	2
 820              	.L23:
 821 0058 1000FEFF 		.word	-131056
 822 005c 30F4FFFF 		.word	-3024
 823 0060 34F4FFFF 		.word	-3020
 824 0064 0801FEFF 		.word	-130808
 826              		.section	.bss.Line.1729,"aw",%nobits
 827              		.align	1
 830              	Line.1729:
 831 0000 0000     		.space	2
 832              		.section	.bss.State.1728,"aw",%nobits
 833              		.align	1
 836              	State.1728:
 837 0000 0000     		.space	2
 838              		.section	.text.DisplayUpdateAsync,"ax",%progbits
 839              		.align	2
 840              		.global	DisplayUpdateAsync
 842              	DisplayUpdateAsync:
 843              		@ args = 0, pretend = 0, frame = 0
 844              		@ frame_needed = 0, uses_anonymous_args = 0
 845 0000 F0402DE9 		stmfd	sp!, {r4, r5, r6, r7, lr}
 846 0004 CC509FE5 		ldr	r5, .L37
 847 0008 B040D5E1 		ldrh	r4, [r5, #0]
 848 000c C8309FE5 		ldr	r3, .L37+4
 849 0010 000054E2 		subs	r0, r4, #0
 850 0014 C4109FE5 		ldr	r1, .L37+8
 851 0018 0E20A0E3 		mov	r2, #14
 852 001c 00C093E5 		ldr	ip, [r3, #0]
 853 0020 0F00001A 		bne	.L26
 854 0024 FEFFFFEB 		bl	DisplayWrite
 855 0028 010050E3 		cmp	r0, #1
 856 002c 3100001A 		bne	.L28
 857 0030 B030D5E1 		ldrh	r3, [r5, #0]
 858 0034 A8209FE5 		ldr	r2, .L37+12
 859 0038 013083E2 		add	r3, r3, #1
 860 003c B040C2E1 		strh	r4, [r2, #0]	@ movhi
 861 0040 1E0000EA 		b	.L36
 862              	.L26:
 863 0044 03E0A0E3 		mov	lr, #3
 864 0048 017014E2 		ands	r7, r4, #1
 865 004c 6460A0E3 		mov	r6, #100
 866 0050 0E20A0E1 		mov	r2, lr
 867 0054 0000A0E3 		mov	r0, #0
 868 0058 84409FE5 		ldr	r4, .L37+12
 869 005c 2000000A 		beq	.L30
 870 0060 B010D4E1 		ldrh	r1, [r4, #0]
 871 0064 7C309FE5 		ldr	r3, .L37+16
 872 0068 9E3121E0 		mla	r1, lr, r1, r3
 873 006c FEFFFFEB 		bl	DisplayWrite
 874 0070 010050E3 		cmp	r0, #1
 875 0074 3100001A 		bne	.L28
 876 0078 B030D5E1 		ldrh	r3, [r5, #0]
 877 007c 013083E2 		add	r3, r3, #1
 878              	.L36:
 879 0080 B030C5E1 		strh	r3, [r5, #0]	@ movhi
 880 0084 310000EA 		b	.L28
 881              	.L30:
 882 0088 B030D4E1 		ldrh	r3, [r4, #0]
 883 008c 0620A0E1 		mov	r2, r6
 884 0090 93C621E0 		mla	r1, r3, r6, ip
 885 0094 0100A0E3 		mov	r0, #1
 886 0098 FEFFFFEB 		bl	DisplayWrite
 887 009c 010050E3 		cmp	r0, #1
 888 00a0 3100001A 		bne	.L28
 889 00a4 B030D4E1 		ldrh	r3, [r4, #0]
 890 00a8 013083E2 		add	r3, r3, #1
 891 00ac B020D5E1 		ldrh	r2, [r5, #0]
 892 00b0 0338A0E1 		mov	r3, r3, asl #16
 893 00b4 2338A0E1 		mov	r3, r3, lsr #16
 894 00b8 070053E3 		cmp	r3, #7
 895 00bc 012082E2 		add	r2, r2, #1
 896 00c0 B020C5E1 		strh	r2, [r5, #0]	@ movhi
 897 00c4 B030C4E1 		strh	r3, [r4, #0]	@ movhi
 898 00c8 B070C581 		strhih	r7, [r5, #0]	@ movhi
 899              	.L28:
 900 00cc 04309FE5 		ldr	r3, .L37
 901 00d0 0000D3E5 		ldrb	r0, [r3, #0]	@ zero_extendqisi2
 902 00d4 F080BDE8 		ldmfd	sp!, {r4, r5, r6, r7, pc}
 903              	.L38:
 904              		.align	2
 905              	.L37:
 906 00d8 00000000 		.word	State.1728
 907 00dc 00000000 		.word	IOMapDisplay
 908 00e0 00000000 		.word	DisplayInitString
 909 00e4 00000000 		.word	Line.1729
 910 00e8 00000000 		.word	DisplayLineString
 912              		.section	.text.DisplayUpdateSync,"ax",%progbits
 913              		.align	2
 914              		.global	DisplayUpdateSync
 916              	DisplayUpdateSync:
 917              		@ args = 0, pretend = 0, frame = 0
 918              		@ frame_needed = 0, uses_anonymous_args = 0
 919 0000 04E02DE5 		str	lr, [sp, #-4]!
 920              	.L41:
 921 0004 FEFFFFEB 		bl	DisplayUpdateAsync
 922 0008 000050E3 		cmp	r0, #0
 923 000c FFFFFF1A 		bne	.L41
 924 0010 04F09DE4 		ldr	pc, [sp], #4
 926              		.section	.text.DisplaySetPixel,"ax",%progbits
 927              		.align	2
 928              		.global	DisplaySetPixel
 930              	DisplaySetPixel:
 931              		@ args = 0, pretend = 0, frame = 0
 932              		@ frame_needed = 0, uses_anonymous_args = 0
 933              		@ link register save eliminated.
 934 0000 07C001E2 		and	ip, r1, #7
 935 0004 FF0000E2 		and	r0, r0, #255
 936 0008 FF1001E2 		and	r1, r1, #255
 937 000c 630050E3 		cmp	r0, #99
 938 0010 3F005193 		cmpls	r1, #63
 939              		@ lr needed for prologue
 940 0014 A121A0E1 		mov	r2, r1, lsr #3
 941 0018 1EFF2F81 		bxhi	lr
 942 001c 6430A0E3 		mov	r3, #100
 943 0020 920320E0 		mla	r0, r2, r3, r0
 944 0024 14309FE5 		ldr	r3, .L50
 945 0028 001093E5 		ldr	r1, [r3, #0]
 946 002c 0030D1E7 		ldrb	r3, [r1, r0]	@ zero_extendqisi2
 947 0030 0120A0E3 		mov	r2, #1
 948 0034 123C83E1 		orr	r3, r3, r2, asl ip
 949 0038 0030C1E7 		strb	r3, [r1, r0]
 950 003c 1EFF2FE1 		bx	lr
 951              	.L51:
 952              		.align	2
 953              	.L50:
 954 0040 00000000 		.word	IOMapDisplay
 956              		.section	.text.DisplayClrPixel,"ax",%progbits
 957              		.align	2
 958              		.global	DisplayClrPixel
 960              	DisplayClrPixel:
 961              		@ args = 0, pretend = 0, frame = 0
 962              		@ frame_needed = 0, uses_anonymous_args = 0
 963              		@ link register save eliminated.
 964 0000 07C001E2 		and	ip, r1, #7
 965 0004 FF0000E2 		and	r0, r0, #255
 966 0008 FF1001E2 		and	r1, r1, #255
 967 000c 630050E3 		cmp	r0, #99
 968 0010 3F005193 		cmpls	r1, #63
 969              		@ lr needed for prologue
 970 0014 A121A0E1 		mov	r2, r1, lsr #3
 971 0018 1EFF2F81 		bxhi	lr
 972 001c 6430A0E3 		mov	r3, #100
 973 0020 920320E0 		mla	r0, r2, r3, r0
 974 0024 14309FE5 		ldr	r3, .L56
 975 0028 001093E5 		ldr	r1, [r3, #0]
 976 002c 0030D1E7 		ldrb	r3, [r1, r0]	@ zero_extendqisi2
 977 0030 0120A0E3 		mov	r2, #1
 978 0034 123CC3E1 		bic	r3, r3, r2, asl ip
 979 0038 0030C1E7 		strb	r3, [r1, r0]
 980 003c 1EFF2FE1 		bx	lr
 981              	.L57:
 982              		.align	2
 983              	.L56:
 984 0040 00000000 		.word	IOMapDisplay
 986              		.section	.text.DisplayLineX,"ax",%progbits
 987              		.align	2
 988              		.global	DisplayLineX
 990              	DisplayLineX:
 991              		@ args = 0, pretend = 0, frame = 0
 992              		@ frame_needed = 0, uses_anonymous_args = 0
 993 0000 073002E2 		and	r3, r2, #7
 994 0004 01C0A0E3 		mov	ip, #1
 995 0008 1CC3A0E1 		mov	ip, ip, asl r3
 996 000c FF2002E2 		and	r2, r2, #255
 997 0010 A221A0E1 		mov	r2, r2, lsr #3
 998 0014 6430A0E3 		mov	r3, #100
 999 0018 10402DE9 		stmfd	sp!, {r4, lr}
 1000 001c 920304E0 		mul	r4, r2, r3
 1001 0020 FF0000E2 		and	r0, r0, #255
 1002 0024 FF1001E2 		and	r1, r1, #255
 1003 0028 FFC00CE2 		and	ip, ip, #255
 1004 002c 0F0000EA 		b	.L59
 1005              	.L60:
 1006 0030 24309FE5 		ldr	r3, .L63
 1007 0034 002093E5 		ldr	r2, [r3, #0]
 1008 0038 0E30D2E7 		ldrb	r3, [r2, lr]	@ zero_extendqisi2
 1009 003c 03308CE1 		orr	r3, ip, r3
 1010 0040 0E30C2E7 		strb	r3, [r2, lr]
 1011              	.L59:
 1012 0044 013080E2 		add	r3, r0, #1
 1013 0048 010050E1 		cmp	r0, r1
 1014 004c 00E084E0 		add	lr, r4, r0
 1015 0050 FF0003E2 		and	r0, r3, #255
 1016 0054 0A00003A 		bcc	.L60
 1017 0058 1080BDE8 		ldmfd	sp!, {r4, pc}
 1018              	.L64:
 1019              		.align	2
 1020              	.L63:
 1021 005c 00000000 		.word	IOMapDisplay
 1023              		.section	.text.DisplayLineY,"ax",%progbits
 1024              		.align	2
 1025              		.global	DisplayLineY
 1027              	DisplayLineY:
 1028              		@ args = 0, pretend = 0, frame = 0
 1029              		@ frame_needed = 0, uses_anonymous_args = 0
 1030 0000 30402DE9 		stmfd	sp!, {r4, r5, lr}
 1031 0004 FF1001E2 		and	r1, r1, #255
 1032 0008 FF5000E2 		and	r5, r0, #255
 1033 000c FF4002E2 		and	r4, r2, #255
 1034 0010 01C0A0E1 		mov	ip, r1
 1035 0014 0C0000EA 		b	.L66
 1036              	.L67:
 1037 0018 6430A0E3 		mov	r3, #100
 1038 001c 925320E0 		mla	r0, r2, r3, r5
 1039 0020 2C309FE5 		ldr	r3, .L70
 1040 0024 001093E5 		ldr	r1, [r3, #0]
 1041 0028 0030D1E7 		ldrb	r3, [r1, r0]	@ zero_extendqisi2
 1042 002c 0120A0E3 		mov	r2, #1
 1043 0030 123E83E1 		orr	r3, r3, r2, asl lr
 1044 0034 0030C1E7 		strb	r3, [r1, r0]
 1045              	.L66:
 1046 0038 01308CE2 		add	r3, ip, #1
 1047 003c 04005CE1 		cmp	ip, r4
 1048 0040 AC21A0E1 		mov	r2, ip, lsr #3
 1049 0044 07E00CE2 		and	lr, ip, #7
 1050 0048 FFC003E2 		and	ip, r3, #255
 1051 004c 0400003A 		bcc	.L67
 1052 0050 3080BDE8 		ldmfd	sp!, {r4, r5, pc}
 1053              	.L71:
 1054              		.align	2
 1055              	.L70:
 1056 0054 00000000 		.word	IOMapDisplay
 1058              		.section	.text.DisplayEraseLine,"ax",%progbits
 1059              		.align	2
 1060              		.global	DisplayEraseLine
 1062              	DisplayEraseLine:
 1063              		@ args = 0, pretend = 0, frame = 0
 1064              		@ frame_needed = 0, uses_anonymous_args = 0
 1065              		@ link register save eliminated.
 1066 0000 FF0000E2 		and	r0, r0, #255
 1067 0004 6430A0E3 		mov	r3, #100
 1068 0008 930000E0 		mul	r0, r3, r0
 1069              		@ lr needed for prologue
 1070 000c 0010A0E3 		mov	r1, #0
 1071              	.L73:
 1072 0010 1C309FE5 		ldr	r3, .L78
 1073 0014 002093E5 		ldr	r2, [r3, #0]
 1074 0018 022081E0 		add	r2, r1, r2
 1075 001c 011081E2 		add	r1, r1, #1
 1076 0020 0030A0E3 		mov	r3, #0
 1077 0024 640051E3 		cmp	r1, #100
 1078 0028 0030C2E7 		strb	r3, [r2, r0]
 1079 002c 0200001A 		bne	.L73
 1080 0030 1EFF2FE1 		bx	lr
 1081              	.L79:
 1082              		.align	2
 1083              	.L78:
 1084 0034 00000000 		.word	IOMapDisplay
 1086              		.section	.text.DisplayErase,"ax",%progbits
 1087              		.align	2
 1088              		.global	DisplayErase
 1090              	DisplayErase:
 1091              		@ args = 0, pretend = 0, frame = 0
 1092              		@ frame_needed = 0, uses_anonymous_args = 0
 1093 0000 10402DE9 		stmfd	sp!, {r4, lr}
 1094 0004 0040A0E3 		mov	r4, #0
 1095              	.L81:
 1096 0008 0400A0E1 		mov	r0, r4
 1097 000c 014084E2 		add	r4, r4, #1
 1098 0010 FEFFFFEB 		bl	DisplayEraseLine
 1099 0014 080054E3 		cmp	r4, #8
 1100 0018 0000001A 		bne	.L81
 1101 001c 1080BDE8 		ldmfd	sp!, {r4, pc}
 1103              		.section	.text.DisplayChar,"ax",%progbits
 1104              		.align	2
 1105              		.global	DisplayChar
 1107              	DisplayChar:
 1108              		@ args = 0, pretend = 0, frame = 4
 1109              		@ frame_needed = 0, uses_anonymous_args = 0
 1110 0000 F04F2DE9 		stmfd	sp!, {r4, r5, r6, r7, r8, r9, sl, fp, lr}
 1111 0004 EC409FE5 		ldr	r4, .L104
 1112 0008 04E0D4E5 		ldrb	lr, [r4, #4]	@ zero_extendqisi2
 1113 000c 05C0D4E5 		ldrb	ip, [r4, #5]	@ zero_extendqisi2
 1114 0010 9E0C0CE0 		mul	ip, lr, ip
 1115 0014 203043E2 		sub	r3, r3, #32
 1116 0018 FFE003E2 		and	lr, r3, #255
 1117 001c FFC00CE2 		and	ip, ip, #255
 1118 0020 04D04DE2 		sub	sp, sp, #4
 1119 0024 FF0000E2 		and	r0, r0, #255
 1120 0028 0C005EE1 		cmp	lr, ip
 1121 002c 00008DE5 		str	r0, [sp, #0]
 1122 0030 FF5001E2 		and	r5, r1, #255
 1123 0034 FFB002E2 		and	fp, r2, #255
 1124 0038 3A00002A 		bcs	.L101
 1125 003c 06A0D4E5 		ldrb	sl, [r4, #6]	@ zero_extendqisi2
 1126 0040 083084E2 		add	r3, r4, #8
 1127 0044 9A3E27E0 		mla	r7, sl, lr, r3
 1128 0048 0080A0E3 		mov	r8, #0
 1129 004c 380000EA 		b	.L89
 1130              	.L90:
 1131 0050 A0309FE5 		ldr	r3, .L104
 1132 0054 0790D3E5 		ldrb	r9, [r3, #7]	@ zero_extendqisi2
 1133 0058 0B40A0E1 		mov	r4, fp
 1134 005c 0060A0E3 		mov	r6, #0
 1135 0060 310000EA 		b	.L91
 1136              	.L92:
 1137 0064 00309DE5 		ldr	r3, [sp, #0]
 1138 0068 010053E3 		cmp	r3, #1
 1139 006c 0030D7E5 		ldrb	r3, [r7, #0]	@ zero_extendqisi2
 1140 0070 2300001A 		bne	.L93
 1141 0074 5336A0E1 		mov	r3, r3, asr r6
 1142 0078 010013E3 		tst	r3, #1
 1143 007c 0500A0E1 		mov	r0, r5
 1144 0080 0410A0E1 		mov	r1, r4
 1145 0084 0500A001 		moveq	r0, r5
 1146 0088 0410A001 		moveq	r1, r4
 1147 008c 2A00000A 		beq	.L103
 1148 0090 2C0000EA 		b	.L102
 1149              	.L93:
 1150 0094 5336A0E1 		mov	r3, r3, asr r6
 1151 0098 010013E3 		tst	r3, #1
 1152 009c 0500A0E1 		mov	r0, r5
 1153 00a0 0410A0E1 		mov	r1, r4
 1154 00a4 0500A001 		moveq	r0, r5
 1155 00a8 0410A001 		moveq	r1, r4
 1156 00ac 2C00000A 		beq	.L102
 1157              	.L103:
 1158 00b0 FEFFFFEB 		bl	DisplayClrPixel
 1159 00b4 2D0000EA 		b	.L97
 1160              	.L102:
 1161 00b8 FEFFFFEB 		bl	DisplaySetPixel
 1162              	.L97:
 1163 00bc 012086E2 		add	r2, r6, #1
 1164 00c0 013084E2 		add	r3, r4, #1
 1165 00c4 FF4003E2 		and	r4, r3, #255
 1166 00c8 FF6002E2 		and	r6, r2, #255
 1167              	.L91:
 1168 00cc 090056E1 		cmp	r6, r9
 1169 00d0 1700001A 		bne	.L92
 1170 00d4 013085E2 		add	r3, r5, #1
 1171 00d8 012088E2 		add	r2, r8, #1
 1172 00dc FF5003E2 		and	r5, r3, #255
 1173 00e0 017087E2 		add	r7, r7, #1
 1174 00e4 FF8002E2 		and	r8, r2, #255
 1175              	.L89:
 1176 00e8 0A0058E1 		cmp	r8, sl
 1177 00ec 1200001A 		bne	.L90
 1178              	.L101:
 1179 00f0 04D08DE2 		add	sp, sp, #4
 1180 00f4 F08FBDE8 		ldmfd	sp!, {r4, r5, r6, r7, r8, r9, sl, fp, pc}
 1181              	.L105:
 1182              		.align	2
 1183              	.L104:
 1184 00f8 00000000 		.word	Font
 1186              		.section	.bss.i.1932,"aw",%nobits
 1189              	i.1932:
 1190 0000 00       		.space	1
 1191              		.section	.bss.digits.1931,"aw",%nobits
 1194              	digits.1931:
 1195 0000 00       		.space	1
 1196              		.global	__umodsi3
 1197              		.global	__divsi3
 1198              		.section	.text.DisplayNum,"ax",%progbits
 1199              		.align	2
 1200              		.global	DisplayNum
 1202              	DisplayNum:
 1203              		@ args = 0, pretend = 0, frame = 0
 1204              		@ frame_needed = 0, uses_anonymous_args = 0
 1205 0000 F0412DE9 		stmfd	sp!, {r4, r5, r6, r7, r8, lr}
 1206 0004 0348A0E1 		mov	r4, r3, asl #16
 1207 0008 2448A0E1 		mov	r4, r4, lsr #16
 1208 000c 0030A0E1 		mov	r3, r0
 1209 0010 01C0A0E1 		mov	ip, r1
 1210 0014 0400A0E1 		mov	r0, r4
 1211 0018 0A10A0E3 		mov	r1, #10
 1212 001c FF8003E2 		and	r8, r3, #255
 1213 0020 FF600CE2 		and	r6, ip, #255
 1214 0024 FF7002E2 		and	r7, r2, #255
 1215 0028 FEFFFFEB 		bl	__umodsi3
 1216 002c FF5000E2 		and	r5, r0, #255
 1217 0030 0A10A0E3 		mov	r1, #10
 1218 0034 040065E0 		rsb	r0, r5, r4
 1219 0038 FEFFFFEB 		bl	__divsi3
 1220 003c 0038A0E1 		mov	r3, r0, asl #16
 1221 0040 2338B0E1 		movs	r3, r3, lsr #16
 1222 0044 0610A0E1 		mov	r1, r6
 1223 0048 0720A0E1 		mov	r2, r7
 1224 004c 0800A0E1 		mov	r0, r8
 1225 0050 60E09FE5 		ldr	lr, .L111
 1226 0054 1900000A 		beq	.L107
 1227 0058 00C0DEE5 		ldrb	ip, [lr, #0]	@ zero_extendqisi2
 1228 005c 01C08CE2 		add	ip, ip, #1
 1229 0060 00C0CEE5 		strb	ip, [lr, #0]
 1230 0064 FEFFFFEB 		bl	DisplayNum
 1231 0068 1C0000EA 		b	.L109
 1232              	.L107:
 1233 006c 0020DEE5 		ldrb	r2, [lr, #0]	@ zero_extendqisi2
 1234 0070 44309FE5 		ldr	r3, .L111+4
 1235 0074 0020C3E5 		strb	r2, [r3, #0]
 1236              	.L109:
 1237 0078 3CE09FE5 		ldr	lr, .L111+4
 1238 007c 34309FE5 		ldr	r3, .L111
 1239 0080 00C0DEE5 		ldrb	ip, [lr, #0]	@ zero_extendqisi2
 1240 0084 0030D3E5 		ldrb	r3, [r3, #0]	@ zero_extendqisi2
 1241 0088 0620A0E3 		mov	r2, #6
 1242 008c 03306CE0 		rsb	r3, ip, r3
 1243 0090 936221E0 		mla	r1, r3, r2, r6
 1244 0094 303085E2 		add	r3, r5, #48
 1245 0098 01C04CE2 		sub	ip, ip, #1
 1246 009c 0800A0E1 		mov	r0, r8
 1247 00a0 0720A0E1 		mov	r2, r7
 1248 00a4 FF1001E2 		and	r1, r1, #255
 1249 00a8 FF3003E2 		and	r3, r3, #255
 1250 00ac 00C0CEE5 		strb	ip, [lr, #0]
 1251 00b0 F041BDE8 		ldmfd	sp!, {r4, r5, r6, r7, r8, lr}
 1252 00b4 FEFFFFEA 		b	DisplayChar
 1253              	.L112:
 1254              		.align	2
 1255              	.L111:
 1256 00b8 00000000 		.word	digits.1931
 1257 00bc 00000000 		.word	i.1932
 1259              		.section	.text.DisplayString,"ax",%progbits
 1260              		.align	2
 1261              		.global	DisplayString
 1263              	DisplayString:
 1264              		@ args = 0, pretend = 0, frame = 0
 1265              		@ frame_needed = 0, uses_anonymous_args = 0
 1266 0000 8C309FE5 		ldr	r3, .L123
 1267 0004 10402DE9 		stmfd	sp!, {r4, lr}
 1268 0008 04C0D3E5 		ldrb	ip, [r3, #4]	@ zero_extendqisi2
 1269 000c 05E0D3E5 		ldrb	lr, [r3, #5]	@ zero_extendqisi2
 1270 0010 F81001E2 		and	r1, r1, #248
 1271 0014 FF0000E2 		and	r0, r0, #255
 1272 0018 6430A0E3 		mov	r3, #100
 1273 001c A111A0E1 		mov	r1, r1, lsr #3
 1274 0020 930121E0 		mla	r1, r3, r1, r0
 1275 0024 9E0C00E0 		mul	r0, lr, ip
 1276 0028 68309FE5 		ldr	r3, .L123+4
 1277 002c 003093E5 		ldr	r3, [r3, #0]
 1278 0030 FF4000E2 		and	r4, r0, #255
 1279 0034 01E083E0 		add	lr, r3, r1
 1280 0038 1F0000EA 		b	.L114
 1281              	.L115:
 1282 003c 203043E2 		sub	r3, r3, #32
 1283 0040 FF1003E2 		and	r1, r3, #255
 1284 0044 040051E1 		cmp	r1, r4
 1285 0048 1E00002A 		bcs	.L116
 1286 004c 40309FE5 		ldr	r3, .L123
 1287 0050 0600D3E5 		ldrb	r0, [r3, #6]	@ zero_extendqisi2
 1288 0054 083083E2 		add	r3, r3, #8
 1289 0058 90312CE0 		mla	ip, r0, r1, r3
 1290 005c 0E10A0E1 		mov	r1, lr
 1291 0060 190000EA 		b	.L118
 1292              	.L119:
 1293 0064 01305CE5 		ldrb	r3, [ip, #-1]	@ zero_extendqisi2
 1294 0068 0130C1E4 		strb	r3, [r1], #1
 1295              	.L118:
 1296 006c 00308EE0 		add	r3, lr, r0
 1297 0070 030051E1 		cmp	r1, r3
 1298 0074 01C08CE2 		add	ip, ip, #1
 1299 0078 1700001A 		bne	.L119
 1300 007c 01E0A0E1 		mov	lr, r1
 1301              	.L116:
 1302 0080 012082E2 		add	r2, r2, #1
 1303              	.L114:
 1304 0084 0030D2E5 		ldrb	r3, [r2, #0]	@ zero_extendqisi2
 1305 0088 000053E3 		cmp	r3, #0
 1306 008c 0D00001A 		bne	.L115
 1307 0090 1080BDE8 		ldmfd	sp!, {r4, pc}
 1308              	.L124:
 1309              		.align	2
 1310              	.L123:
 1311 0094 00000000 		.word	Font
 1312 0098 00000000 		.word	IOMapDisplay
 1314              		.global	__udivsi3
 1315              		.section	.text.DisplayPrintTime,"ax",%progbits
 1316              		.align	2
 1317              		.global	DisplayPrintTime
 1319              	DisplayPrintTime:
 1320              		@ args = 0, pretend = 0, frame = 0
 1321              		@ frame_needed = 0, uses_anonymous_args = 0
 1322 0000 70402DE9 		stmfd	sp!, {r4, r5, r6, lr}
 1323 0004 FF4000E2 		and	r4, r0, #255
 1324 0008 0150A0E1 		mov	r5, r1
 1325 000c 0400A0E1 		mov	r0, r4
 1326 0010 0A10A0E3 		mov	r1, #10
 1327 0014 FF6002E2 		and	r6, r2, #255
 1328 0018 FEFFFFEB 		bl	__udivsi3
 1329 001c 1B20A0E3 		mov	r2, #27
 1330 0020 FF3000E2 		and	r3, r0, #255
 1331 0024 1410A0E3 		mov	r1, #20
 1332 0028 0100A0E3 		mov	r0, #1
 1333 002c FEFFFFEB 		bl	DisplayNum
 1334 0030 0400A0E1 		mov	r0, r4
 1335 0034 0A10A0E3 		mov	r1, #10
 1336 0038 FEFFFFEB 		bl	__umodsi3
 1337 003c 1910A0E3 		mov	r1, #25
 1338 0040 FF3000E2 		and	r3, r0, #255
 1339 0044 1B20A0E3 		mov	r2, #27
 1340 0048 0100A0E3 		mov	r0, #1
 1341 004c FEFFFFEB 		bl	DisplayNum
 1342 0050 FF5005E2 		and	r5, r5, #255
 1343 0054 1B20A0E3 		mov	r2, #27
 1344 0058 3A30A0E3 		mov	r3, #58
 1345 005c 2310A0E3 		mov	r1, #35
 1346 0060 0100A0E3 		mov	r0, #1
 1347 0064 FEFFFFEB 		bl	DisplayChar
 1348 0068 0500A0E1 		mov	r0, r5
 1349 006c 0A10A0E3 		mov	r1, #10
 1350 0070 FEFFFFEB 		bl	__udivsi3
 1351 0074 1B20A0E3 		mov	r2, #27
 1352 0078 FF3000E2 		and	r3, r0, #255
 1353 007c 2D10A0E3 		mov	r1, #45
 1354 0080 0100A0E3 		mov	r0, #1
 1355 0084 FEFFFFEB 		bl	DisplayNum
 1356 0088 0500A0E1 		mov	r0, r5
 1357 008c 0A10A0E3 		mov	r1, #10
 1358 0090 FEFFFFEB 		bl	__umodsi3
 1359 0094 3210A0E3 		mov	r1, #50
 1360 0098 FF3000E2 		and	r3, r0, #255
 1361 009c 1B20A0E3 		mov	r2, #27
 1362 00a0 0100A0E3 		mov	r0, #1
 1363 00a4 FEFFFFEB 		bl	DisplayNum
 1364 00a8 1B20A0E3 		mov	r2, #27
 1365 00ac 3A30A0E3 		mov	r3, #58
 1366 00b0 3C10A0E3 		mov	r1, #60
 1367 00b4 0100A0E3 		mov	r0, #1
 1368 00b8 FEFFFFEB 		bl	DisplayChar
 1369 00bc 0600A0E1 		mov	r0, r6
 1370 00c0 0A10A0E3 		mov	r1, #10
 1371 00c4 FEFFFFEB 		bl	__udivsi3
 1372 00c8 1B20A0E3 		mov	r2, #27
 1373 00cc FF3000E2 		and	r3, r0, #255
 1374 00d0 4610A0E3 		mov	r1, #70
 1375 00d4 0100A0E3 		mov	r0, #1
 1376 00d8 FEFFFFEB 		bl	DisplayNum
 1377 00dc 0600A0E1 		mov	r0, r6
 1378 00e0 0A10A0E3 		mov	r1, #10
 1379 00e4 FEFFFFEB 		bl	__umodsi3
 1380 00e8 4B10A0E3 		mov	r1, #75
 1381 00ec FF3000E2 		and	r3, r0, #255
 1382 00f0 1B20A0E3 		mov	r2, #27
 1383 00f4 0100A0E3 		mov	r0, #1
 1384 00f8 FEFFFFEB 		bl	DisplayNum
 1385 00fc 7040BDE8 		ldmfd	sp!, {r4, r5, r6, lr}
 1386 0100 FEFFFFEA 		b	DisplayUpdateSync
 1388              		.section	.text.DisplayPrintTimeBusy,"ax",%progbits
 1389              		.align	2
 1390              		.global	DisplayPrintTimeBusy
 1392              	DisplayPrintTimeBusy:
 1393              		@ args = 0, pretend = 0, frame = 0
 1394              		@ frame_needed = 0, uses_anonymous_args = 0
 1395 0000 04E02DE5 		str	lr, [sp, #-4]!
 1396 0004 6C209FE5 		ldr	r2, .L135
 1397 0008 003092E5 		ldr	r3, [r2, #0]
 1398 000c 68009FE5 		ldr	r0, .L135+4
 1399 0010 013083E2 		add	r3, r3, #1
 1400 0014 3C0053E3 		cmp	r3, #60
 1401 0018 003082E5 		str	r3, [r2, #0]
 1402 001c 00309005 		ldreq	r3, [r0, #0]
 1403 0020 01308302 		addeq	r3, r3, #1
 1404 0024 00308005 		streq	r3, [r0, #0]
 1405 0028 0030A003 		moveq	r3, #0
 1406 002c 00308205 		streq	r3, [r2, #0]
 1407 0030 003090E5 		ldr	r3, [r0, #0]
 1408 0034 44C09FE5 		ldr	ip, .L135+8
 1409 0038 3C0053E3 		cmp	r3, #60
 1410 003c 00309C05 		ldreq	r3, [ip, #0]
 1411 0040 01308302 		addeq	r3, r3, #1
 1412 0044 00308C05 		streq	r3, [ip, #0]
 1413 0048 00309CE5 		ldr	r3, [ip, #0]
 1414 004c 0010A003 		moveq	r1, #0
 1415 0050 00108005 		streq	r1, [r0, #0]
 1416 0054 180053E3 		cmp	r3, #24
 1417 0058 0030A003 		moveq	r3, #0
 1418 005c 00308C05 		streq	r3, [ip, #0]
 1419 0060 0010D0E5 		ldrb	r1, [r0, #0]	@ zero_extendqisi2
 1420 0064 0020D2E5 		ldrb	r2, [r2, #0]	@ zero_extendqisi2
 1421 0068 0000DCE5 		ldrb	r0, [ip, #0]	@ zero_extendqisi2
 1422 006c 0CE0A0E1 		mov	lr, ip
 1423 0070 04E09DE4 		ldr	lr, [sp], #4
 1424 0074 FEFFFFEA 		b	DisplayPrintTime
 1425              	.L136:
 1426              		.align	2
 1427              	.L135:
 1428 0078 00000000 		.word	ss
 1429 007c 00000000 		.word	mm
 1430 0080 00000000 		.word	hh
 1432              		.section	.bss.IOMapDisplay,"aw",%nobits
 1433              		.align	2
 1436              	IOMapDisplay:
 1437 0000 00000000 		.space	804
 1437      00000000 
 1437      00000000 
 1437      00000000 
 1437      00000000 
 1438              		.ident	"GCC: (GNU) 4.0.2"
DEFINED SYMBOLS
                            *ABS*:00000000 display.c
     /tmp/cc0jdDXw.s:7      .bss.hh:00000000 hh
     /tmp/cc0jdDXw.s:14     .bss.mm:00000000 mm
     /tmp/cc0jdDXw.s:21     .bss.ss:00000000 ss
     /tmp/cc0jdDXw.s:27     .rodata.Font:00000000 Font
     /tmp/cc0jdDXw.s:616    .data.DisplayLineString:00000000 DisplayLineString
     /tmp/cc0jdDXw.s:645    .data.DisplayInitString:00000000 DisplayInitString
     /tmp/cc0jdDXw.s:664    .text.DisplayInit:00000000 DisplayInit
     /tmp/cc0jdDXw.s:667    .text.DisplayInit:00000000 $a
     /tmp/cc0jdDXw.s:734    .text.DisplayInit:00000100 $d
     /tmp/cc0jdDXw.s:1436   .bss.IOMapDisplay:00000000 IOMapDisplay
     /tmp/cc0jdDXw.s:755    .text.DisplayOn:00000000 DisplayOn
     /tmp/cc0jdDXw.s:759    .text.DisplayOn:00000000 $a
     /tmp/cc0jdDXw.s:773    .text.DisplayOn:00000028 $d
     /tmp/cc0jdDXw.s:779    .text.DisplayExit:00000000 DisplayExit
     /tmp/cc0jdDXw.s:784    .text.DisplayExit:00000000 $a
     /tmp/cc0jdDXw.s:790    .text.DisplayWrite:00000000 DisplayWrite
     /tmp/cc0jdDXw.s:794    .text.DisplayWrite:00000000 $a
     /tmp/cc0jdDXw.s:821    .text.DisplayWrite:00000058 $d
     /tmp/cc0jdDXw.s:830    .bss.Line.1729:00000000 Line.1729
     /tmp/cc0jdDXw.s:836    .bss.State.1728:00000000 State.1728
     /tmp/cc0jdDXw.s:842    .text.DisplayUpdateAsync:00000000 DisplayUpdateAsync
     /tmp/cc0jdDXw.s:845    .text.DisplayUpdateAsync:00000000 $a
     /tmp/cc0jdDXw.s:906    .text.DisplayUpdateAsync:000000d8 $d
     /tmp/cc0jdDXw.s:916    .text.DisplayUpdateSync:00000000 DisplayUpdateSync
     /tmp/cc0jdDXw.s:919    .text.DisplayUpdateSync:00000000 $a
     /tmp/cc0jdDXw.s:930    .text.DisplaySetPixel:00000000 DisplaySetPixel
     /tmp/cc0jdDXw.s:934    .text.DisplaySetPixel:00000000 $a
     /tmp/cc0jdDXw.s:954    .text.DisplaySetPixel:00000040 $d
     /tmp/cc0jdDXw.s:960    .text.DisplayClrPixel:00000000 DisplayClrPixel
     /tmp/cc0jdDXw.s:964    .text.DisplayClrPixel:00000000 $a
     /tmp/cc0jdDXw.s:984    .text.DisplayClrPixel:00000040 $d
     /tmp/cc0jdDXw.s:990    .text.DisplayLineX:00000000 DisplayLineX
     /tmp/cc0jdDXw.s:993    .text.DisplayLineX:00000000 $a
     /tmp/cc0jdDXw.s:1021   .text.DisplayLineX:0000005c $d
     /tmp/cc0jdDXw.s:1027   .text.DisplayLineY:00000000 DisplayLineY
     /tmp/cc0jdDXw.s:1030   .text.DisplayLineY:00000000 $a
     /tmp/cc0jdDXw.s:1056   .text.DisplayLineY:00000054 $d
     /tmp/cc0jdDXw.s:1062   .text.DisplayEraseLine:00000000 DisplayEraseLine
     /tmp/cc0jdDXw.s:1066   .text.DisplayEraseLine:00000000 $a
     /tmp/cc0jdDXw.s:1084   .text.DisplayEraseLine:00000034 $d
     /tmp/cc0jdDXw.s:1090   .text.DisplayErase:00000000 DisplayErase
     /tmp/cc0jdDXw.s:1093   .text.DisplayErase:00000000 $a
     /tmp/cc0jdDXw.s:1107   .text.DisplayChar:00000000 DisplayChar
     /tmp/cc0jdDXw.s:1110   .text.DisplayChar:00000000 $a
     /tmp/cc0jdDXw.s:1184   .text.DisplayChar:000000f8 $d
     /tmp/cc0jdDXw.s:1189   .bss.i.1932:00000000 i.1932
     /tmp/cc0jdDXw.s:1194   .bss.digits.1931:00000000 digits.1931
     /tmp/cc0jdDXw.s:1202   .text.DisplayNum:00000000 DisplayNum
     /tmp/cc0jdDXw.s:1205   .text.DisplayNum:00000000 $a
     /tmp/cc0jdDXw.s:1256   .text.DisplayNum:000000b8 $d
     /tmp/cc0jdDXw.s:1263   .text.DisplayString:00000000 DisplayString
     /tmp/cc0jdDXw.s:1266   .text.DisplayString:00000000 $a
     /tmp/cc0jdDXw.s:1311   .text.DisplayString:00000094 $d
     /tmp/cc0jdDXw.s:1319   .text.DisplayPrintTime:00000000 DisplayPrintTime
     /tmp/cc0jdDXw.s:1322   .text.DisplayPrintTime:00000000 $a
     /tmp/cc0jdDXw.s:1392   .text.DisplayPrintTimeBusy:00000000 DisplayPrintTimeBusy
     /tmp/cc0jdDXw.s:1395   .text.DisplayPrintTimeBusy:00000000 $a
     /tmp/cc0jdDXw.s:1428   .text.DisplayPrintTimeBusy:00000078 $d

UNDEFINED SYMBOLS
__umodsi3
__divsi3
__udivsi3
