   1              		.file	"sound.c"
   2              		.section	.text.SoundInit,"ax",%progbits
   3              		.align	2
   4              		.global	SoundInit
   6              	SoundInit:
   7              		@ args = 0, pretend = 0, frame = 0
   8              		@ frame_needed = 0, uses_anonymous_args = 0
   9 0000 04E02DE5 		str	lr, [sp, #-4]!
  10 0004 FEFFFFEB 		bl	SoundIntDisable
  11 0008 FEFFFFEB 		bl	SoundDisable
  12 000c 58309FE5 		ldr	r3, .L3
  13 0010 011CA0E3 		mov	r1, #256
  14 0014 001083E5 		str	r1, [r3, #0]
  15 0018 50309FE5 		ldr	r3, .L3+4
  16 001c 0228A0E3 		mov	r2, #131072
  17 0020 902083E4 		str	r2, [r3], #144
  18 0024 502003E4 		str	r2, [r3], #-80
  19 0028 0C2083E4 		str	r2, [r3], #12
  20 002c 3C2003E4 		str	r2, [r3], #-60
  21 0030 102083E4 		str	r2, [r3], #16
  22 0034 002083E5 		str	r2, [r3, #0]
  23 0038 34009FE5 		ldr	r0, .L3+8
  24 003c 103083E2 		add	r3, r3, #16
  25 0040 002083E5 		str	r2, [r3, #0]
  26 0044 0239A0E3 		mov	r3, #32768
  27 0048 003080E5 		str	r3, [r0, #0]
  28 004c 24309FE5 		ldr	r3, .L3+12
  29 0050 0420A0E3 		mov	r2, #4
  30 0054 002083E5 		str	r2, [r3, #0]
  31 0058 7B2082E2 		add	r2, r2, #123
  32 005c 043083E2 		add	r3, r3, #4
  33 0060 002083E5 		str	r2, [r3, #0]
  34 0064 001080E5 		str	r1, [r0, #0]
  35 0068 04F09DE4 		ldr	pc, [sp], #4
  36              	.L4:
  37              		.align	2
  38              	.L3:
  39 006c 10FCFFFF 		.word	-1008
  40 0070 14F4FFFF 		.word	-3052
  41 0074 0040FDFF 		.word	-180224
  42 0078 1840FDFF 		.word	-180200
  44              		.section	.text.SoundSync,"ax",%progbits
  45              		.align	2
  46              		.global	SoundSync
  48              	SoundSync:
  49              		@ args = 0, pretend = 0, frame = 0
  50              		@ frame_needed = 0, uses_anonymous_args = 0
  51 0000 F0402DE9 		stmfd	sp!, {r4, r5, r6, r7, lr}
  52 0004 0338A0E1 		mov	r3, r3, asl #16
  53 0008 FF4002E2 		and	r4, r2, #255
  54 000c 2378A0E1 		mov	r7, r3, lsr #16
  55 0010 0060A0E1 		mov	r6, r0
  56 0014 FF5001E2 		and	r5, r1, #255
  57 0018 FEFFFFEB 		bl	SoundEnable
  58 001c 0C30A0E3 		mov	r3, #12
  59 0020 940303E0 		mul	r3, r4, r3
  60 0024 5C209FE5 		ldr	r2, .L16
  61 0028 FF3E63E2 		rsb	r3, r3, #4080
  62 002c 0F3083E2 		add	r3, r3, #15
  63 0030 0700A0E1 		mov	r0, r7
  64 0034 003082E5 		str	r3, [r2, #0]
  65 0038 180000EA 		b	.L6
  66              	.L13:
  67 003c 48309FE5 		ldr	r3, .L16+4
  68 0040 003093E5 		ldr	r3, [r3, #0]
  69 0044 010013E3 		tst	r3, #1
  70 0048 0D00000A 		beq	.L13
  71 004c 022196E7 		ldr	r2, [r6, r2, asl #2]
  72 0050 38309FE5 		ldr	r3, .L16+8
  73 0054 002083E5 		str	r2, [r3, #0]
  74 0058 011081E2 		add	r1, r1, #1
  75              	.L9:
  76 005c FF2001E2 		and	r2, r1, #255
  77 0060 050052E1 		cmp	r2, r5
  78 0064 0D00003A 		bcc	.L13
  79              	.L6:
  80 0068 013040E2 		sub	r3, r0, #1
  81 006c 0338A0E1 		mov	r3, r3, asl #16
  82 0070 010873E3 		cmn	r3, #65536
  83 0074 2308A0E1 		mov	r0, r3, lsr #16
  84 0078 0010A013 		movne	r1, #0
  85 007c 1500001A 		bne	.L9
  86              	.L10:
  87 0080 F040BDE8 		ldmfd	sp!, {r4, r5, r6, r7, lr}
  88 0084 FEFFFFEA 		b	SoundDisable
  89              	.L17:
  90              		.align	2
  91              	.L16:
  92 0088 0440FDFF 		.word	-180220
  93 008c 4040FDFF 		.word	-180160
  94 0090 2440FDFF 		.word	-180188
  96              		.ident	"GCC: (GNU) 4.0.2"
DEFINED SYMBOLS
                            *ABS*:00000000 sound.c
     /tmp/ccCpmkig.s:6      .text.SoundInit:00000000 SoundInit
     /tmp/ccCpmkig.s:9      .text.SoundInit:00000000 $a
     /tmp/ccCpmkig.s:39     .text.SoundInit:0000006c $d
     /tmp/ccCpmkig.s:48     .text.SoundSync:00000000 SoundSync
     /tmp/ccCpmkig.s:51     .text.SoundSync:00000000 $a
     /tmp/ccCpmkig.s:92     .text.SoundSync:00000088 $d

UNDEFINED SYMBOLS
SoundIntDisable
SoundDisable
SoundEnable
