   1              		.file	"display.c"
   2              		.global	Font
   3              		.section	.rodata.Font,"a",%progbits
   6              	Font:
   7 0000 04       		.byte	4
   8 0001 00       		.byte	0
   9 0002 02       		.byte	2
  10 0003 40       		.byte	64
  11 0004 10       		.byte	16
  12 0005 06       		.byte	6
  13 0006 06       		.byte	6
  14 0007 08       		.byte	8
  15 0008 00       		.byte	0
  16 0009 00       		.byte	0
  17 000a 00       		.byte	0
  18 000b 00       		.byte	0
  19 000c 00       		.byte	0
  20 000d 00       		.byte	0
  21 000e 00       		.byte	0
  22 000f 06       		.byte	6
  23 0010 5F       		.byte	95
  24 0011 06       		.byte	6
  25 0012 00       		.byte	0
  26 0013 00       		.byte	0
  27 0014 07       		.byte	7
  28 0015 03       		.byte	3
  29 0016 00       		.byte	0
  30 0017 07       		.byte	7
  31 0018 03       		.byte	3
  32 0019 00       		.byte	0
  33 001a 24       		.byte	36
  34 001b 7E       		.byte	126
  35 001c 24       		.byte	36
  36 001d 7E       		.byte	126
  37 001e 24       		.byte	36
  38 001f 00       		.byte	0
  39 0020 24       		.byte	36
  40 0021 2B       		.byte	43
  41 0022 6A       		.byte	106
  42 0023 12       		.byte	18
  43 0024 00       		.byte	0
  44 0025 00       		.byte	0
  45 0026 63       		.byte	99
  46 0027 13       		.byte	19
  47 0028 08       		.byte	8
  48 0029 64       		.byte	100
  49 002a 63       		.byte	99
  50 002b 00       		.byte	0
  51 002c 30       		.byte	48
  52 002d 4C       		.byte	76
  53 002e 52       		.byte	82
  54 002f 22       		.byte	34
  55 0030 50       		.byte	80
  56 0031 00       		.byte	0
  57 0032 00       		.byte	0
  58 0033 07       		.byte	7
  59 0034 03       		.byte	3
  60 0035 00       		.byte	0
  61 0036 00       		.byte	0
  62 0037 00       		.byte	0
  63 0038 00       		.byte	0
  64 0039 3E       		.byte	62
  65 003a 41       		.byte	65
  66 003b 00       		.byte	0
  67 003c 00       		.byte	0
  68 003d 00       		.byte	0
  69 003e 00       		.byte	0
  70 003f 41       		.byte	65
  71 0040 3E       		.byte	62
  72 0041 00       		.byte	0
  73 0042 00       		.byte	0
  74 0043 00       		.byte	0
  75 0044 08       		.byte	8
  76 0045 3E       		.byte	62
  77 0046 1C       		.byte	28
  78 0047 3E       		.byte	62
  79 0048 08       		.byte	8
  80 0049 00       		.byte	0
  81 004a 08       		.byte	8
  82 004b 08       		.byte	8
  83 004c 3E       		.byte	62
  84 004d 08       		.byte	8
  85 004e 08       		.byte	8
  86 004f 00       		.byte	0
  87 0050 80       		.byte	-128
  88 0051 60       		.byte	96
  89 0052 60       		.byte	96
  90 0053 00       		.byte	0
  91 0054 00       		.byte	0
  92 0055 00       		.byte	0
  93 0056 08       		.byte	8
  94 0057 08       		.byte	8
  95 0058 08       		.byte	8
  96 0059 08       		.byte	8
  97 005a 08       		.byte	8
  98 005b 00       		.byte	0
  99 005c 00       		.byte	0
 100 005d 60       		.byte	96
 101 005e 60       		.byte	96
 102 005f 00       		.byte	0
 103 0060 00       		.byte	0
 104 0061 00       		.byte	0
 105 0062 20       		.byte	32
 106 0063 10       		.byte	16
 107 0064 08       		.byte	8
 108 0065 04       		.byte	4
 109 0066 02       		.byte	2
 110 0067 00       		.byte	0
 111 0068 3E       		.byte	62
 112 0069 51       		.byte	81
 113 006a 49       		.byte	73
 114 006b 45       		.byte	69
 115 006c 3E       		.byte	62
 116 006d 00       		.byte	0
 117 006e 00       		.byte	0
 118 006f 42       		.byte	66
 119 0070 7F       		.byte	127
 120 0071 40       		.byte	64
 121 0072 00       		.byte	0
 122 0073 00       		.byte	0
 123 0074 62       		.byte	98
 124 0075 51       		.byte	81
 125 0076 49       		.byte	73
 126 0077 49       		.byte	73
 127 0078 46       		.byte	70
 128 0079 00       		.byte	0
 129 007a 22       		.byte	34
 130 007b 49       		.byte	73
 131 007c 49       		.byte	73
 132 007d 49       		.byte	73
 133 007e 36       		.byte	54
 134 007f 00       		.byte	0
 135 0080 18       		.byte	24
 136 0081 14       		.byte	20
 137 0082 12       		.byte	18
 138 0083 7F       		.byte	127
 139 0084 10       		.byte	16
 140 0085 00       		.byte	0
 141 0086 2F       		.byte	47
 142 0087 49       		.byte	73
 143 0088 49       		.byte	73
 144 0089 49       		.byte	73
 145 008a 31       		.byte	49
 146 008b 00       		.byte	0
 147 008c 3C       		.byte	60
 148 008d 4A       		.byte	74
 149 008e 49       		.byte	73
 150 008f 49       		.byte	73
 151 0090 30       		.byte	48
 152 0091 00       		.byte	0
 153 0092 01       		.byte	1
 154 0093 71       		.byte	113
 155 0094 09       		.byte	9
 156 0095 05       		.byte	5
 157 0096 03       		.byte	3
 158 0097 00       		.byte	0
 159 0098 36       		.byte	54
 160 0099 49       		.byte	73
 161 009a 49       		.byte	73
 162 009b 49       		.byte	73
 163 009c 36       		.byte	54
 164 009d 00       		.byte	0
 165 009e 06       		.byte	6
 166 009f 49       		.byte	73
 167 00a0 49       		.byte	73
 168 00a1 29       		.byte	41
 169 00a2 1E       		.byte	30
 170 00a3 00       		.byte	0
 171 00a4 00       		.byte	0
 172 00a5 6C       		.byte	108
 173 00a6 6C       		.byte	108
 174 00a7 00       		.byte	0
 175 00a8 00       		.byte	0
 176 00a9 00       		.byte	0
 177 00aa 00       		.byte	0
 178 00ab EC       		.byte	-20
 179 00ac 6C       		.byte	108
 180 00ad 00       		.byte	0
 181 00ae 00       		.byte	0
 182 00af 00       		.byte	0
 183 00b0 08       		.byte	8
 184 00b1 14       		.byte	20
 185 00b2 22       		.byte	34
 186 00b3 41       		.byte	65
 187 00b4 00       		.byte	0
 188 00b5 00       		.byte	0
 189 00b6 24       		.byte	36
 190 00b7 24       		.byte	36
 191 00b8 24       		.byte	36
 192 00b9 24       		.byte	36
 193 00ba 24       		.byte	36
 194 00bb 00       		.byte	0
 195 00bc 00       		.byte	0
 196 00bd 41       		.byte	65
 197 00be 22       		.byte	34
 198 00bf 14       		.byte	20
 199 00c0 08       		.byte	8
 200 00c1 00       		.byte	0
 201 00c2 02       		.byte	2
 202 00c3 01       		.byte	1
 203 00c4 59       		.byte	89
 204 00c5 09       		.byte	9
 205 00c6 06       		.byte	6
 206 00c7 00       		.byte	0
 207 00c8 3E       		.byte	62
 208 00c9 41       		.byte	65
 209 00ca 5D       		.byte	93
 210 00cb 55       		.byte	85
 211 00cc 1E       		.byte	30
 212 00cd 00       		.byte	0
 213 00ce 7E       		.byte	126
 214 00cf 11       		.byte	17
 215 00d0 11       		.byte	17
 216 00d1 11       		.byte	17
 217 00d2 7E       		.byte	126
 218 00d3 00       		.byte	0
 219 00d4 7F       		.byte	127
 220 00d5 49       		.byte	73
 221 00d6 49       		.byte	73
 222 00d7 49       		.byte	73
 223 00d8 36       		.byte	54
 224 00d9 00       		.byte	0
 225 00da 3E       		.byte	62
 226 00db 41       		.byte	65
 227 00dc 41       		.byte	65
 228 00dd 41       		.byte	65
 229 00de 22       		.byte	34
 230 00df 00       		.byte	0
 231 00e0 7F       		.byte	127
 232 00e1 41       		.byte	65
 233 00e2 41       		.byte	65
 234 00e3 41       		.byte	65
 235 00e4 3E       		.byte	62
 236 00e5 00       		.byte	0
 237 00e6 7F       		.byte	127
 238 00e7 49       		.byte	73
 239 00e8 49       		.byte	73
 240 00e9 49       		.byte	73
 241 00ea 41       		.byte	65
 242 00eb 00       		.byte	0
 243 00ec 7F       		.byte	127
 244 00ed 09       		.byte	9
 245 00ee 09       		.byte	9
 246 00ef 09       		.byte	9
 247 00f0 01       		.byte	1
 248 00f1 00       		.byte	0
 249 00f2 3E       		.byte	62
 250 00f3 41       		.byte	65
 251 00f4 49       		.byte	73
 252 00f5 49       		.byte	73
 253 00f6 7A       		.byte	122
 254 00f7 00       		.byte	0
 255 00f8 7F       		.byte	127
 256 00f9 08       		.byte	8
 257 00fa 08       		.byte	8
 258 00fb 08       		.byte	8
 259 00fc 7F       		.byte	127
 260 00fd 00       		.byte	0
 261 00fe 00       		.byte	0
 262 00ff 41       		.byte	65
 263 0100 7F       		.byte	127
 264 0101 41       		.byte	65
 265 0102 00       		.byte	0
 266 0103 00       		.byte	0
 267 0104 30       		.byte	48
 268 0105 40       		.byte	64
 269 0106 40       		.byte	64
 270 0107 40       		.byte	64
 271 0108 3F       		.byte	63
 272 0109 00       		.byte	0
 273 010a 7F       		.byte	127
 274 010b 08       		.byte	8
 275 010c 14       		.byte	20
 276 010d 22       		.byte	34
 277 010e 41       		.byte	65
 278 010f 00       		.byte	0
 279 0110 7F       		.byte	127
 280 0111 40       		.byte	64
 281 0112 40       		.byte	64
 282 0113 40       		.byte	64
 283 0114 40       		.byte	64
 284 0115 00       		.byte	0
 285 0116 7F       		.byte	127
 286 0117 02       		.byte	2
 287 0118 04       		.byte	4
 288 0119 02       		.byte	2
 289 011a 7F       		.byte	127
 290 011b 00       		.byte	0
 291 011c 7F       		.byte	127
 292 011d 02       		.byte	2
 293 011e 04       		.byte	4
 294 011f 08       		.byte	8
 295 0120 7F       		.byte	127
 296 0121 00       		.byte	0
 297 0122 3E       		.byte	62
 298 0123 41       		.byte	65
 299 0124 41       		.byte	65
 300 0125 41       		.byte	65
 301 0126 3E       		.byte	62
 302 0127 00       		.byte	0
 303 0128 7F       		.byte	127
 304 0129 09       		.byte	9
 305 012a 09       		.byte	9
 306 012b 09       		.byte	9
 307 012c 06       		.byte	6
 308 012d 00       		.byte	0
 309 012e 3E       		.byte	62
 310 012f 41       		.byte	65
 311 0130 51       		.byte	81
 312 0131 21       		.byte	33
 313 0132 5E       		.byte	94
 314 0133 00       		.byte	0
 315 0134 7F       		.byte	127
 316 0135 09       		.byte	9
 317 0136 09       		.byte	9
 318 0137 19       		.byte	25
 319 0138 66       		.byte	102
 320 0139 00       		.byte	0
 321 013a 26       		.byte	38
 322 013b 49       		.byte	73
 323 013c 49       		.byte	73
 324 013d 49       		.byte	73
 325 013e 32       		.byte	50
 326 013f 00       		.byte	0
 327 0140 01       		.byte	1
 328 0141 01       		.byte	1
 329 0142 7F       		.byte	127
 330 0143 01       		.byte	1
 331 0144 01       		.byte	1
 332 0145 00       		.byte	0
 333 0146 3F       		.byte	63
 334 0147 40       		.byte	64
 335 0148 40       		.byte	64
 336 0149 40       		.byte	64
 337 014a 3F       		.byte	63
 338 014b 00       		.byte	0
 339 014c 1F       		.byte	31
 340 014d 20       		.byte	32
 341 014e 40       		.byte	64
 342 014f 20       		.byte	32
 343 0150 1F       		.byte	31
 344 0151 00       		.byte	0
 345 0152 3F       		.byte	63
 346 0153 40       		.byte	64
 347 0154 3C       		.byte	60
 348 0155 40       		.byte	64
 349 0156 3F       		.byte	63
 350 0157 00       		.byte	0
 351 0158 63       		.byte	99
 352 0159 14       		.byte	20
 353 015a 08       		.byte	8
 354 015b 14       		.byte	20
 355 015c 63       		.byte	99
 356 015d 00       		.byte	0
 357 015e 07       		.byte	7
 358 015f 08       		.byte	8
 359 0160 70       		.byte	112
 360 0161 08       		.byte	8
 361 0162 07       		.byte	7
 362 0163 00       		.byte	0
 363 0164 71       		.byte	113
 364 0165 49       		.byte	73
 365 0166 45       		.byte	69
 366 0167 43       		.byte	67
 367 0168 00       		.byte	0
 368 0169 00       		.byte	0
 369 016a 00       		.byte	0
 370 016b 7F       		.byte	127
 371 016c 41       		.byte	65
 372 016d 41       		.byte	65
 373 016e 00       		.byte	0
 374 016f 00       		.byte	0
 375 0170 02       		.byte	2
 376 0171 04       		.byte	4
 377 0172 08       		.byte	8
 378 0173 10       		.byte	16
 379 0174 20       		.byte	32
 380 0175 00       		.byte	0
 381 0176 00       		.byte	0
 382 0177 41       		.byte	65
 383 0178 41       		.byte	65
 384 0179 7F       		.byte	127
 385 017a 00       		.byte	0
 386 017b 00       		.byte	0
 387 017c 04       		.byte	4
 388 017d 02       		.byte	2
 389 017e 01       		.byte	1
 390 017f 02       		.byte	2
 391 0180 04       		.byte	4
 392 0181 00       		.byte	0
 393 0182 80       		.byte	-128
 394 0183 80       		.byte	-128
 395 0184 80       		.byte	-128
 396 0185 80       		.byte	-128
 397 0186 80       		.byte	-128
 398 0187 00       		.byte	0
 399 0188 00       		.byte	0
 400 0189 02       		.byte	2
 401 018a 05       		.byte	5
 402 018b 02       		.byte	2
 403 018c 00       		.byte	0
 404 018d 00       		.byte	0
 405 018e 20       		.byte	32
 406 018f 54       		.byte	84
 407 0190 54       		.byte	84
 408 0191 54       		.byte	84
 409 0192 78       		.byte	120
 410 0193 00       		.byte	0
 411 0194 7F       		.byte	127
 412 0195 44       		.byte	68
 413 0196 44       		.byte	68
 414 0197 44       		.byte	68
 415 0198 38       		.byte	56
 416 0199 00       		.byte	0
 417 019a 38       		.byte	56
 418 019b 44       		.byte	68
 419 019c 44       		.byte	68
 420 019d 44       		.byte	68
 421 019e 28       		.byte	40
 422 019f 00       		.byte	0
 423 01a0 38       		.byte	56
 424 01a1 44       		.byte	68
 425 01a2 44       		.byte	68
 426 01a3 44       		.byte	68
 427 01a4 7F       		.byte	127
 428 01a5 00       		.byte	0
 429 01a6 38       		.byte	56
 430 01a7 54       		.byte	84
 431 01a8 54       		.byte	84
 432 01a9 54       		.byte	84
 433 01aa 08       		.byte	8
 434 01ab 00       		.byte	0
 435 01ac 08       		.byte	8
 436 01ad 7E       		.byte	126
 437 01ae 09       		.byte	9
 438 01af 09       		.byte	9
 439 01b0 00       		.byte	0
 440 01b1 00       		.byte	0
 441 01b2 18       		.byte	24
 442 01b3 24       		.byte	36
 443 01b4 A4       		.byte	-92
 444 01b5 A4       		.byte	-92
 445 01b6 FC       		.byte	-4
 446 01b7 00       		.byte	0
 447 01b8 7F       		.byte	127
 448 01b9 04       		.byte	4
 449 01ba 04       		.byte	4
 450 01bb 78       		.byte	120
 451 01bc 00       		.byte	0
 452 01bd 00       		.byte	0
 453 01be 00       		.byte	0
 454 01bf 00       		.byte	0
 455 01c0 7D       		.byte	125
 456 01c1 40       		.byte	64
 457 01c2 00       		.byte	0
 458 01c3 00       		.byte	0
 459 01c4 40       		.byte	64
 460 01c5 80       		.byte	-128
 461 01c6 84       		.byte	-124
 462 01c7 7D       		.byte	125
 463 01c8 00       		.byte	0
 464 01c9 00       		.byte	0
 465 01ca 7F       		.byte	127
 466 01cb 10       		.byte	16
 467 01cc 28       		.byte	40
 468 01cd 44       		.byte	68
 469 01ce 00       		.byte	0
 470 01cf 00       		.byte	0
 471 01d0 00       		.byte	0
 472 01d1 00       		.byte	0
 473 01d2 7F       		.byte	127
 474 01d3 40       		.byte	64
 475 01d4 00       		.byte	0
 476 01d5 00       		.byte	0
 477 01d6 7C       		.byte	124
 478 01d7 04       		.byte	4
 479 01d8 18       		.byte	24
 480 01d9 04       		.byte	4
 481 01da 78       		.byte	120
 482 01db 00       		.byte	0
 483 01dc 7C       		.byte	124
 484 01dd 04       		.byte	4
 485 01de 04       		.byte	4
 486 01df 78       		.byte	120
 487 01e0 00       		.byte	0
 488 01e1 00       		.byte	0
 489 01e2 38       		.byte	56
 490 01e3 44       		.byte	68
 491 01e4 44       		.byte	68
 492 01e5 44       		.byte	68
 493 01e6 38       		.byte	56
 494 01e7 00       		.byte	0
 495 01e8 FC       		.byte	-4
 496 01e9 44       		.byte	68
 497 01ea 44       		.byte	68
 498 01eb 44       		.byte	68
 499 01ec 38       		.byte	56
 500 01ed 00       		.byte	0
 501 01ee 38       		.byte	56
 502 01ef 44       		.byte	68
 503 01f0 44       		.byte	68
 504 01f1 44       		.byte	68
 505 01f2 FC       		.byte	-4
 506 01f3 00       		.byte	0
 507 01f4 44       		.byte	68
 508 01f5 78       		.byte	120
 509 01f6 44       		.byte	68
 510 01f7 04       		.byte	4
 511 01f8 08       		.byte	8
 512 01f9 00       		.byte	0
 513 01fa 08       		.byte	8
 514 01fb 54       		.byte	84
 515 01fc 54       		.byte	84
 516 01fd 54       		.byte	84
 517 01fe 20       		.byte	32
 518 01ff 00       		.byte	0
 519 0200 04       		.byte	4
 520 0201 3E       		.byte	62
 521 0202 44       		.byte	68
 522 0203 24       		.byte	36
 523 0204 00       		.byte	0
 524 0205 00       		.byte	0
 525 0206 3C       		.byte	60
 526 0207 40       		.byte	64
 527 0208 20       		.byte	32
 528 0209 7C       		.byte	124
 529 020a 00       		.byte	0
 530 020b 00       		.byte	0
 531 020c 1C       		.byte	28
 532 020d 20       		.byte	32
 533 020e 40       		.byte	64
 534 020f 20       		.byte	32
 535 0210 1C       		.byte	28
 536 0211 00       		.byte	0
 537 0212 3C       		.byte	60
 538 0213 60       		.byte	96
 539 0214 30       		.byte	48
 540 0215 60       		.byte	96
 541 0216 3C       		.byte	60
 542 0217 00       		.byte	0
 543 0218 6C       		.byte	108
 544 0219 10       		.byte	16
 545 021a 10       		.byte	16
 546 021b 6C       		.byte	108
 547 021c 00       		.byte	0
 548 021d 00       		.byte	0
 549 021e 9C       		.byte	-100
 550 021f A0       		.byte	-96
 551 0220 60       		.byte	96
 552 0221 3C       		.byte	60
 553 0222 00       		.byte	0
 554 0223 00       		.byte	0
 555 0224 64       		.byte	100
 556 0225 54       		.byte	84
 557 0226 54       		.byte	84
 558 0227 4C       		.byte	76
 559 0228 00       		.byte	0
 560 0229 00       		.byte	0
 561 022a 08       		.byte	8
 562 022b 3E       		.byte	62
 563 022c 41       		.byte	65
 564 022d 41       		.byte	65
 565 022e 00       		.byte	0
 566 022f 00       		.byte	0
 567 0230 00       		.byte	0
 568 0231 00       		.byte	0
 569 0232 77       		.byte	119
 570 0233 00       		.byte	0
 571 0234 00       		.byte	0
 572 0235 00       		.byte	0
 573 0236 00       		.byte	0
 574 0237 41       		.byte	65
 575 0238 41       		.byte	65
 576 0239 3E       		.byte	62
 577 023a 08       		.byte	8
 578 023b 00       		.byte	0
 579 023c 02       		.byte	2
 580 023d 01       		.byte	1
 581 023e 02       		.byte	2
 582 023f 01       		.byte	1
 583 0240 00       		.byte	0
 584 0241 00       		.byte	0
 585 0242 10       		.byte	16
 586 0243 20       		.byte	32
 587 0244 40       		.byte	64
 588 0245 38       		.byte	56
 589 0246 07       		.byte	7
 590 0247 00       		.byte	0
 591              		.global	DisplayLineString
 592              		.section	.data.DisplayLineString,"aw",%progbits
 595              	DisplayLineString:
 596 0000 B0       		.byte	-80
 597 0001 10       		.byte	16
 598 0002 00       		.byte	0
 599 0003 B1       		.byte	-79
 600 0004 10       		.byte	16
 601 0005 00       		.byte	0
 602 0006 B2       		.byte	-78
 603 0007 10       		.byte	16
 604 0008 00       		.byte	0
 605 0009 B3       		.byte	-77
 606 000a 10       		.byte	16
 607 000b 00       		.byte	0
 608 000c B4       		.byte	-76
 609 000d 10       		.byte	16
 610 000e 00       		.byte	0
 611 000f B5       		.byte	-75
 612 0010 10       		.byte	16
 613 0011 00       		.byte	0
 614 0012 B6       		.byte	-74
 615 0013 10       		.byte	16
 616 0014 00       		.byte	0
 617 0015 B7       		.byte	-73
 618 0016 10       		.byte	16
 619 0017 00       		.byte	0
 620              		.global	DisplayInitString
 621              		.section	.data.DisplayInitString,"aw",%progbits
 624              	DisplayInitString:
 625 0000 EB       		.byte	-21
 626 0001 2F       		.byte	47
 627 0002 A4       		.byte	-92
 628 0003 A6       		.byte	-90
 629 0004 40       		.byte	64
 630 0005 81       		.byte	-127
 631 0006 5A       		.byte	90
 632 0007 C4       		.byte	-60
 633 0008 27       		.byte	39
 634 0009 29       		.byte	41
 635 000a A0       		.byte	-96
 636 000b 88       		.byte	-120
 637 000c 23       		.byte	35
 638 000d AF       		.byte	-81
 639              		.section	.text.DisplayInit,"ax",%progbits
 640              		.align	2
 641              		.global	DisplayInit
 643              	DisplayInit:
 644              		@ args = 0, pretend = 0, frame = 0
 645              		@ frame_needed = 0, uses_anonymous_args = 0
 646 0000 F8309FE5 		ldr	r3, .L3
 647 0004 20C0A0E3 		mov	ip, #32
 648 0008 F04F2DE9 		stmfd	sp!, {r4, r5, r6, r7, r8, r9, sl, fp, lr}
 649 000c 010AA0E3 		mov	r0, #4096
 650 0010 10C803E4 		str	ip, [r3], #-2064
 651 0014 000083E5 		str	r0, [r3, #0]
 652 0018 E4409FE5 		ldr	r4, .L3+4
 653 001c E4509FE5 		ldr	r5, .L3+8
 654 0020 E4609FE5 		ldr	r6, .L3+12
 655 0024 E4709FE5 		ldr	r7, .L3+16
 656 0028 E4809FE5 		ldr	r8, .L3+20
 657 002c E4A09FE5 		ldr	sl, .L3+24
 658 0030 E4B09FE5 		ldr	fp, .L3+28
 659 0034 E4909FE5 		ldr	r9, .L3+32
 660 0038 103083E2 		add	r3, r3, #16
 661 003c 000083E5 		str	r0, [r3, #0]
 662 0040 0129A0E3 		mov	r2, #16384
 663 0044 143083E2 		add	r3, r3, #20
 664 0048 000084E5 		str	r0, [r4, #0]
 665 004c 021AA0E3 		mov	r1, #8192
 666 0050 002085E5 		str	r2, [r5, #0]
 667 0054 002089E5 		str	r2, [r9, #0]
 668 0058 002086E5 		str	r2, [r6, #0]
 669 005c 002087E5 		str	r2, [r7, #0]
 670 0060 002088E5 		str	r2, [r8, #0]
 671 0064 00208AE5 		str	r2, [sl, #0]
 672 0068 002083E5 		str	r2, [r3, #0]
 673 006c 002084E5 		str	r2, [r4, #0]
 674 0070 00208BE5 		str	r2, [fp, #0]
 675 0074 A8209FE5 		ldr	r2, .L3+36
 676 0078 001085E5 		str	r1, [r5, #0]
 677 007c 01EBA0E3 		mov	lr, #1024
 678 0080 001089E5 		str	r1, [r9, #0]
 679 0084 001086E5 		str	r1, [r6, #0]
 680 0088 001087E5 		str	r1, [r7, #0]
 681 008c 001088E5 		str	r1, [r8, #0]
 682 0090 00108AE5 		str	r1, [sl, #0]
 683 0094 501083E4 		str	r1, [r3], #80
 684 0098 001084E5 		str	r1, [r4, #0]
 685 009c 00108BE5 		str	r1, [fp, #0]
 686 00a0 00E085E5 		str	lr, [r5, #0]
 687 00a4 00E083E5 		str	lr, [r3, #0]
 688 00a8 00E086E5 		str	lr, [r6, #0]
 689 00ac 00E087E5 		str	lr, [r7, #0]
 690 00b0 00E088E5 		str	lr, [r8, #0]
 691 00b4 00E08AE5 		str	lr, [sl, #0]
 692 00b8 00E082E5 		str	lr, [r2, #0]
 693 00bc 64209FE5 		ldr	r2, .L3+40
 694 00c0 8030A0E3 		mov	r3, #128
 695 00c4 00E084E5 		str	lr, [r4, #0]
 696 00c8 00E08BE5 		str	lr, [fp, #0]
 697 00cc 003082E5 		str	r3, [r2, #0]
 698 00d0 0130A0E3 		mov	r3, #1
 699 00d4 003082E5 		str	r3, [r2, #0]
 700 00d8 4C209FE5 		ldr	r2, .L3+44
 701 00dc 4C309FE5 		ldr	r3, .L3+48
 702 00e0 002083E5 		str	r2, [r3, #0]
 703 00e4 48209FE5 		ldr	r2, .L3+52
 704 00e8 343083E2 		add	r3, r3, #52
 705 00ec 002083E5 		str	r2, [r3, #0]
 706 00f0 40209FE5 		ldr	r2, .L3+56
 707 00f4 40309FE5 		ldr	r3, .L3+60
 708 00f8 002083E5 		str	r2, [r3, #0]
 709 00fc F08FBDE8 		ldmfd	sp!, {r4, r5, r6, r7, r8, r9, sl, fp, pc}
 710              	.L4:
 711              		.align	2
 712              	.L3:
 713 0100 10FCFFFF 		.word	-1008
 714 0104 34F4FFFF 		.word	-3020
 715 0108 04F4FFFF 		.word	-3068
 716 010c 14F4FFFF 		.word	-3052
 717 0110 A0F4FFFF 		.word	-2912
 718 0114 54F4FFFF 		.word	-2988
 719 0118 60F4FFFF 		.word	-2976
 720 011c 44F4FFFF 		.word	-3004
 721 0120 70F4FFFF 		.word	-2960
 722 0124 24F4FFFF 		.word	-3036
 723 0128 0000FEFF 		.word	-131072
 724 012c 11000B00 		.word	720913
 725 0130 0400FEFF 		.word	-131068
 726 0134 01180000 		.word	6145
 727 0138 04000000 		.word	IOMapDisplay+4
 728 013c 00000000 		.word	IOMapDisplay
 730              		.section	.text.DisplayOn,"ax",%progbits
 731              		.align	2
 732              		.global	DisplayOn
 734              	DisplayOn:
 735              		@ args = 0, pretend = 0, frame = 0
 736              		@ frame_needed = 0, uses_anonymous_args = 0
 737              		@ link register save eliminated.
 738 0000 FF0010E2 		ands	r0, r0, #255
 739 0004 1C209FE5 		ldr	r2, .L10
 740 0008 5030E013 		mvnne	r3, #80
 741 000c 0D30C215 		strneb	r3, [r2, #13]
 742 0010 5130E003 		mvneq	r3, #81
 743 0014 AB308312 		addne	r3, r3, #171
 744              		@ lr needed for prologue
 745 0018 0630C215 		strneb	r3, [r2, #6]
 746 001c 0D30C205 		streqb	r3, [r2, #13]
 747 0020 0600C205 		streqb	r0, [r2, #6]
 748 0024 1EFF2FE1 		bx	lr
 749              	.L11:
 750              		.align	2
 751              	.L10:
 752 0028 00000000 		.word	DisplayInitString
 754              		.section	.text.DisplayExit,"ax",%progbits
 755              		.align	2
 756              		.global	DisplayExit
 758              	DisplayExit:
 759              		@ args = 0, pretend = 0, frame = 0
 760              		@ frame_needed = 0, uses_anonymous_args = 0
 761              		@ link register save eliminated.
 762              		@ lr needed for prologue
 763 0000 1EFF2FE1 		bx	lr
 765              		.section	.text.DisplayWrite,"ax",%progbits
 766              		.align	2
 767              		.global	DisplayWrite
 769              	DisplayWrite:
 770              		@ args = 0, pretend = 0, frame = 0
 771              		@ frame_needed = 0, uses_anonymous_args = 0
 772              		@ link register save eliminated.
 773 0000 50309FE5 		ldr	r3, .L23
 774 0004 003093E5 		ldr	r3, [r3, #0]
 775 0008 0228A0E1 		mov	r2, r2, asl #16
 776 000c 023C13E2 		ands	r3, r3, #512
 777              		@ lr needed for prologue
 778 0010 FF0000E2 		and	r0, r0, #255
 779 0014 22C8A0E1 		mov	ip, r2, lsr #16
 780 0018 1200000A 		beq	.L17
 781 001c 000050E3 		cmp	r0, #0
 782 0020 34309F15 		ldrne	r3, .L23+4
 783 0024 34309F05 		ldreq	r3, .L23+8
 784 0028 012AA013 		movne	r2, #4096
 785 002c 012AA003 		moveq	r2, #4096
 786 0030 002083E5 		str	r2, [r3, #0]
 787 0034 28309FE5 		ldr	r3, .L23+12
 788 0038 041083E4 		str	r1, [r3], #4
 789 003c 00C083E5 		str	ip, [r3, #0]
 790 0040 012CA0E3 		mov	r2, #256
 791 0044 143083E2 		add	r3, r3, #20
 792 0048 002083E5 		str	r2, [r3, #0]
 793 004c 0130A0E3 		mov	r3, #1
 794              	.L17:
 795 0050 0300A0E1 		mov	r0, r3
 796 0054 1EFF2FE1 		bx	lr
 797              	.L24:
 798              		.align	2
 799              	.L23:
 800 0058 1000FEFF 		.word	-131056
 801 005c 30F4FFFF 		.word	-3024
 802 0060 34F4FFFF 		.word	-3020
 803 0064 0801FEFF 		.word	-130808
 805              		.section	.bss.Line.1703,"aw",%nobits
 806              		.align	1
 809              	Line.1703:
 810 0000 0000     		.space	2
 811              		.section	.bss.State.1702,"aw",%nobits
 812              		.align	1
 815              	State.1702:
 816 0000 0000     		.space	2
 817              		.section	.text.DisplayUpdateAsync,"ax",%progbits
 818              		.align	2
 819              		.global	DisplayUpdateAsync
 821              	DisplayUpdateAsync:
 822              		@ args = 0, pretend = 0, frame = 0
 823              		@ frame_needed = 0, uses_anonymous_args = 0
 824 0000 F0402DE9 		stmfd	sp!, {r4, r5, r6, r7, lr}
 825 0004 CC509FE5 		ldr	r5, .L37
 826 0008 B040D5E1 		ldrh	r4, [r5, #0]
 827 000c C8309FE5 		ldr	r3, .L37+4
 828 0010 000054E2 		subs	r0, r4, #0
 829 0014 C4109FE5 		ldr	r1, .L37+8
 830 0018 0E20A0E3 		mov	r2, #14
 831 001c 00C093E5 		ldr	ip, [r3, #0]
 832 0020 0F00001A 		bne	.L26
 833 0024 FEFFFFEB 		bl	DisplayWrite
 834 0028 010050E3 		cmp	r0, #1
 835 002c 3100001A 		bne	.L28
 836 0030 B030D5E1 		ldrh	r3, [r5, #0]
 837 0034 A8209FE5 		ldr	r2, .L37+12
 838 0038 013083E2 		add	r3, r3, #1
 839 003c B040C2E1 		strh	r4, [r2, #0]	@ movhi
 840 0040 1E0000EA 		b	.L36
 841              	.L26:
 842 0044 03E0A0E3 		mov	lr, #3
 843 0048 017014E2 		ands	r7, r4, #1
 844 004c 6460A0E3 		mov	r6, #100
 845 0050 0E20A0E1 		mov	r2, lr
 846 0054 0000A0E3 		mov	r0, #0
 847 0058 84409FE5 		ldr	r4, .L37+12
 848 005c 2000000A 		beq	.L30
 849 0060 B010D4E1 		ldrh	r1, [r4, #0]
 850 0064 7C309FE5 		ldr	r3, .L37+16
 851 0068 9E3121E0 		mla	r1, lr, r1, r3
 852 006c FEFFFFEB 		bl	DisplayWrite
 853 0070 010050E3 		cmp	r0, #1
 854 0074 3100001A 		bne	.L28
 855 0078 B030D5E1 		ldrh	r3, [r5, #0]
 856 007c 013083E2 		add	r3, r3, #1
 857              	.L36:
 858 0080 B030C5E1 		strh	r3, [r5, #0]	@ movhi
 859 0084 310000EA 		b	.L28
 860              	.L30:
 861 0088 B030D4E1 		ldrh	r3, [r4, #0]
 862 008c 0620A0E1 		mov	r2, r6
 863 0090 93C621E0 		mla	r1, r3, r6, ip
 864 0094 0100A0E3 		mov	r0, #1
 865 0098 FEFFFFEB 		bl	DisplayWrite
 866 009c 010050E3 		cmp	r0, #1
 867 00a0 3100001A 		bne	.L28
 868 00a4 B030D4E1 		ldrh	r3, [r4, #0]
 869 00a8 013083E2 		add	r3, r3, #1
 870 00ac B020D5E1 		ldrh	r2, [r5, #0]
 871 00b0 0338A0E1 		mov	r3, r3, asl #16
 872 00b4 2338A0E1 		mov	r3, r3, lsr #16
 873 00b8 070053E3 		cmp	r3, #7
 874 00bc 012082E2 		add	r2, r2, #1
 875 00c0 B020C5E1 		strh	r2, [r5, #0]	@ movhi
 876 00c4 B030C4E1 		strh	r3, [r4, #0]	@ movhi
 877 00c8 B070C581 		strhih	r7, [r5, #0]	@ movhi
 878              	.L28:
 879 00cc 04309FE5 		ldr	r3, .L37
 880 00d0 0000D3E5 		ldrb	r0, [r3, #0]	@ zero_extendqisi2
 881 00d4 F080BDE8 		ldmfd	sp!, {r4, r5, r6, r7, pc}
 882              	.L38:
 883              		.align	2
 884              	.L37:
 885 00d8 00000000 		.word	State.1702
 886 00dc 00000000 		.word	IOMapDisplay
 887 00e0 00000000 		.word	DisplayInitString
 888 00e4 00000000 		.word	Line.1703
 889 00e8 00000000 		.word	DisplayLineString
 891              		.section	.text.DisplayUpdateSync,"ax",%progbits
 892              		.align	2
 893              		.global	DisplayUpdateSync
 895              	DisplayUpdateSync:
 896              		@ args = 0, pretend = 0, frame = 0
 897              		@ frame_needed = 0, uses_anonymous_args = 0
 898 0000 04E02DE5 		str	lr, [sp, #-4]!
 899              	.L41:
 900 0004 FEFFFFEB 		bl	DisplayUpdateAsync
 901 0008 000050E3 		cmp	r0, #0
 902 000c FFFFFF1A 		bne	.L41
 903 0010 04F09DE4 		ldr	pc, [sp], #4
 905              		.section	.text.DisplaySetPixel,"ax",%progbits
 906              		.align	2
 907              		.global	DisplaySetPixel
 909              	DisplaySetPixel:
 910              		@ args = 0, pretend = 0, frame = 0
 911              		@ frame_needed = 0, uses_anonymous_args = 0
 912              		@ link register save eliminated.
 913 0000 07C001E2 		and	ip, r1, #7
 914 0004 FF0000E2 		and	r0, r0, #255
 915 0008 FF1001E2 		and	r1, r1, #255
 916 000c 630050E3 		cmp	r0, #99
 917 0010 3F005193 		cmpls	r1, #63
 918              		@ lr needed for prologue
 919 0014 A121A0E1 		mov	r2, r1, lsr #3
 920 0018 1EFF2F81 		bxhi	lr
 921 001c 6430A0E3 		mov	r3, #100
 922 0020 920320E0 		mla	r0, r2, r3, r0
 923 0024 14309FE5 		ldr	r3, .L50
 924 0028 001093E5 		ldr	r1, [r3, #0]
 925 002c 0030D1E7 		ldrb	r3, [r1, r0]	@ zero_extendqisi2
 926 0030 0120A0E3 		mov	r2, #1
 927 0034 123C83E1 		orr	r3, r3, r2, asl ip
 928 0038 0030C1E7 		strb	r3, [r1, r0]
 929 003c 1EFF2FE1 		bx	lr
 930              	.L51:
 931              		.align	2
 932              	.L50:
 933 0040 00000000 		.word	IOMapDisplay
 935              		.section	.text.DisplayClrPixel,"ax",%progbits
 936              		.align	2
 937              		.global	DisplayClrPixel
 939              	DisplayClrPixel:
 940              		@ args = 0, pretend = 0, frame = 0
 941              		@ frame_needed = 0, uses_anonymous_args = 0
 942              		@ link register save eliminated.
 943 0000 07C001E2 		and	ip, r1, #7
 944 0004 FF0000E2 		and	r0, r0, #255
 945 0008 FF1001E2 		and	r1, r1, #255
 946 000c 630050E3 		cmp	r0, #99
 947 0010 3F005193 		cmpls	r1, #63
 948              		@ lr needed for prologue
 949 0014 A121A0E1 		mov	r2, r1, lsr #3
 950 0018 1EFF2F81 		bxhi	lr
 951 001c 6430A0E3 		mov	r3, #100
 952 0020 920320E0 		mla	r0, r2, r3, r0
 953 0024 14309FE5 		ldr	r3, .L56
 954 0028 001093E5 		ldr	r1, [r3, #0]
 955 002c 0030D1E7 		ldrb	r3, [r1, r0]	@ zero_extendqisi2
 956 0030 0120A0E3 		mov	r2, #1
 957 0034 123CC3E1 		bic	r3, r3, r2, asl ip
 958 0038 0030C1E7 		strb	r3, [r1, r0]
 959 003c 1EFF2FE1 		bx	lr
 960              	.L57:
 961              		.align	2
 962              	.L56:
 963 0040 00000000 		.word	IOMapDisplay
 965              		.section	.text.DisplayLineX,"ax",%progbits
 966              		.align	2
 967              		.global	DisplayLineX
 969              	DisplayLineX:
 970              		@ args = 0, pretend = 0, frame = 0
 971              		@ frame_needed = 0, uses_anonymous_args = 0
 972 0000 073002E2 		and	r3, r2, #7
 973 0004 01C0A0E3 		mov	ip, #1
 974 0008 1CC3A0E1 		mov	ip, ip, asl r3
 975 000c FF2002E2 		and	r2, r2, #255
 976 0010 A221A0E1 		mov	r2, r2, lsr #3
 977 0014 6430A0E3 		mov	r3, #100
 978 0018 10402DE9 		stmfd	sp!, {r4, lr}
 979 001c 920304E0 		mul	r4, r2, r3
 980 0020 FF0000E2 		and	r0, r0, #255
 981 0024 FF1001E2 		and	r1, r1, #255
 982 0028 FFC00CE2 		and	ip, ip, #255
 983 002c 0F0000EA 		b	.L59
 984              	.L60:
 985 0030 24309FE5 		ldr	r3, .L63
 986 0034 002093E5 		ldr	r2, [r3, #0]
 987 0038 0E30D2E7 		ldrb	r3, [r2, lr]	@ zero_extendqisi2
 988 003c 03308CE1 		orr	r3, ip, r3
 989 0040 0E30C2E7 		strb	r3, [r2, lr]
 990              	.L59:
 991 0044 013080E2 		add	r3, r0, #1
 992 0048 010050E1 		cmp	r0, r1
 993 004c 00E084E0 		add	lr, r4, r0
 994 0050 FF0003E2 		and	r0, r3, #255
 995 0054 0A00003A 		bcc	.L60
 996 0058 1080BDE8 		ldmfd	sp!, {r4, pc}
 997              	.L64:
 998              		.align	2
 999              	.L63:
 1000 005c 00000000 		.word	IOMapDisplay
 1002              		.section	.text.DisplayLineY,"ax",%progbits
 1003              		.align	2
 1004              		.global	DisplayLineY
 1006              	DisplayLineY:
 1007              		@ args = 0, pretend = 0, frame = 0
 1008              		@ frame_needed = 0, uses_anonymous_args = 0
 1009 0000 30402DE9 		stmfd	sp!, {r4, r5, lr}
 1010 0004 FF1001E2 		and	r1, r1, #255
 1011 0008 FF5000E2 		and	r5, r0, #255
 1012 000c FF4002E2 		and	r4, r2, #255
 1013 0010 01C0A0E1 		mov	ip, r1
 1014 0014 0C0000EA 		b	.L66
 1015              	.L67:
 1016 0018 6430A0E3 		mov	r3, #100
 1017 001c 925320E0 		mla	r0, r2, r3, r5
 1018 0020 2C309FE5 		ldr	r3, .L70
 1019 0024 001093E5 		ldr	r1, [r3, #0]
 1020 0028 0030D1E7 		ldrb	r3, [r1, r0]	@ zero_extendqisi2
 1021 002c 0120A0E3 		mov	r2, #1
 1022 0030 123E83E1 		orr	r3, r3, r2, asl lr
 1023 0034 0030C1E7 		strb	r3, [r1, r0]
 1024              	.L66:
 1025 0038 01308CE2 		add	r3, ip, #1
 1026 003c 04005CE1 		cmp	ip, r4
 1027 0040 AC21A0E1 		mov	r2, ip, lsr #3
 1028 0044 07E00CE2 		and	lr, ip, #7
 1029 0048 FFC003E2 		and	ip, r3, #255
 1030 004c 0400003A 		bcc	.L67
 1031 0050 3080BDE8 		ldmfd	sp!, {r4, r5, pc}
 1032              	.L71:
 1033              		.align	2
 1034              	.L70:
 1035 0054 00000000 		.word	IOMapDisplay
 1037              		.section	.text.DisplayEraseLine,"ax",%progbits
 1038              		.align	2
 1039              		.global	DisplayEraseLine
 1041              	DisplayEraseLine:
 1042              		@ args = 0, pretend = 0, frame = 0
 1043              		@ frame_needed = 0, uses_anonymous_args = 0
 1044              		@ link register save eliminated.
 1045 0000 FF0000E2 		and	r0, r0, #255
 1046 0004 6430A0E3 		mov	r3, #100
 1047 0008 930000E0 		mul	r0, r3, r0
 1048              		@ lr needed for prologue
 1049 000c 0010A0E3 		mov	r1, #0
 1050              	.L73:
 1051 0010 1C309FE5 		ldr	r3, .L78
 1052 0014 002093E5 		ldr	r2, [r3, #0]
 1053 0018 022081E0 		add	r2, r1, r2
 1054 001c 011081E2 		add	r1, r1, #1
 1055 0020 0030A0E3 		mov	r3, #0
 1056 0024 640051E3 		cmp	r1, #100
 1057 0028 0030C2E7 		strb	r3, [r2, r0]
 1058 002c 0200001A 		bne	.L73
 1059 0030 1EFF2FE1 		bx	lr
 1060              	.L79:
 1061              		.align	2
 1062              	.L78:
 1063 0034 00000000 		.word	IOMapDisplay
 1065              		.section	.text.DisplayErase,"ax",%progbits
 1066              		.align	2
 1067              		.global	DisplayErase
 1069              	DisplayErase:
 1070              		@ args = 0, pretend = 0, frame = 0
 1071              		@ frame_needed = 0, uses_anonymous_args = 0
 1072 0000 10402DE9 		stmfd	sp!, {r4, lr}
 1073 0004 0040A0E3 		mov	r4, #0
 1074              	.L81:
 1075 0008 0400A0E1 		mov	r0, r4
 1076 000c 014084E2 		add	r4, r4, #1
 1077 0010 FEFFFFEB 		bl	DisplayEraseLine
 1078 0014 080054E3 		cmp	r4, #8
 1079 0018 0000001A 		bne	.L81
 1080 001c 1080BDE8 		ldmfd	sp!, {r4, pc}
 1082              		.section	.text.DisplayChar,"ax",%progbits
 1083              		.align	2
 1084              		.global	DisplayChar
 1086              	DisplayChar:
 1087              		@ args = 0, pretend = 0, frame = 4
 1088              		@ frame_needed = 0, uses_anonymous_args = 0
 1089 0000 F04F2DE9 		stmfd	sp!, {r4, r5, r6, r7, r8, r9, sl, fp, lr}
 1090 0004 EC409FE5 		ldr	r4, .L104
 1091 0008 04E0D4E5 		ldrb	lr, [r4, #4]	@ zero_extendqisi2
 1092 000c 05C0D4E5 		ldrb	ip, [r4, #5]	@ zero_extendqisi2
 1093 0010 9E0C0CE0 		mul	ip, lr, ip
 1094 0014 203043E2 		sub	r3, r3, #32
 1095 0018 FFE003E2 		and	lr, r3, #255
 1096 001c FFC00CE2 		and	ip, ip, #255
 1097 0020 04D04DE2 		sub	sp, sp, #4
 1098 0024 FF0000E2 		and	r0, r0, #255
 1099 0028 0C005EE1 		cmp	lr, ip
 1100 002c 00008DE5 		str	r0, [sp, #0]
 1101 0030 FF5001E2 		and	r5, r1, #255
 1102 0034 FFB002E2 		and	fp, r2, #255
 1103 0038 3A00002A 		bcs	.L101
 1104 003c 06A0D4E5 		ldrb	sl, [r4, #6]	@ zero_extendqisi2
 1105 0040 083084E2 		add	r3, r4, #8
 1106 0044 9A3E27E0 		mla	r7, sl, lr, r3
 1107 0048 0080A0E3 		mov	r8, #0
 1108 004c 380000EA 		b	.L89
 1109              	.L90:
 1110 0050 A0309FE5 		ldr	r3, .L104
 1111 0054 0790D3E5 		ldrb	r9, [r3, #7]	@ zero_extendqisi2
 1112 0058 0B40A0E1 		mov	r4, fp
 1113 005c 0060A0E3 		mov	r6, #0
 1114 0060 310000EA 		b	.L91
 1115              	.L92:
 1116 0064 00309DE5 		ldr	r3, [sp, #0]
 1117 0068 010053E3 		cmp	r3, #1
 1118 006c 0030D7E5 		ldrb	r3, [r7, #0]	@ zero_extendqisi2
 1119 0070 2300001A 		bne	.L93
 1120 0074 5336A0E1 		mov	r3, r3, asr r6
 1121 0078 010013E3 		tst	r3, #1
 1122 007c 0500A0E1 		mov	r0, r5
 1123 0080 0410A0E1 		mov	r1, r4
 1124 0084 0500A001 		moveq	r0, r5
 1125 0088 0410A001 		moveq	r1, r4
 1126 008c 2A00000A 		beq	.L103
 1127 0090 2C0000EA 		b	.L102
 1128              	.L93:
 1129 0094 5336A0E1 		mov	r3, r3, asr r6
 1130 0098 010013E3 		tst	r3, #1
 1131 009c 0500A0E1 		mov	r0, r5
 1132 00a0 0410A0E1 		mov	r1, r4
 1133 00a4 0500A001 		moveq	r0, r5
 1134 00a8 0410A001 		moveq	r1, r4
 1135 00ac 2C00000A 		beq	.L102
 1136              	.L103:
 1137 00b0 FEFFFFEB 		bl	DisplayClrPixel
 1138 00b4 2D0000EA 		b	.L97
 1139              	.L102:
 1140 00b8 FEFFFFEB 		bl	DisplaySetPixel
 1141              	.L97:
 1142 00bc 012086E2 		add	r2, r6, #1
 1143 00c0 013084E2 		add	r3, r4, #1
 1144 00c4 FF4003E2 		and	r4, r3, #255
 1145 00c8 FF6002E2 		and	r6, r2, #255
 1146              	.L91:
 1147 00cc 090056E1 		cmp	r6, r9
 1148 00d0 1700001A 		bne	.L92
 1149 00d4 013085E2 		add	r3, r5, #1
 1150 00d8 012088E2 		add	r2, r8, #1
 1151 00dc FF5003E2 		and	r5, r3, #255
 1152 00e0 017087E2 		add	r7, r7, #1
 1153 00e4 FF8002E2 		and	r8, r2, #255
 1154              	.L89:
 1155 00e8 0A0058E1 		cmp	r8, sl
 1156 00ec 1200001A 		bne	.L90
 1157              	.L101:
 1158 00f0 04D08DE2 		add	sp, sp, #4
 1159 00f4 F08FBDE8 		ldmfd	sp!, {r4, r5, r6, r7, r8, r9, sl, fp, pc}
 1160              	.L105:
 1161              		.align	2
 1162              	.L104:
 1163 00f8 00000000 		.word	Font
 1165              		.section	.bss.i.1906,"aw",%nobits
 1168              	i.1906:
 1169 0000 00       		.space	1
 1170              		.section	.bss.digits.1905,"aw",%nobits
 1173              	digits.1905:
 1174 0000 00       		.space	1
 1175              		.global	__umodsi3
 1176              		.global	__divsi3
 1177              		.section	.text.DisplayNum,"ax",%progbits
 1178              		.align	2
 1179              		.global	DisplayNum
 1181              	DisplayNum:
 1182              		@ args = 0, pretend = 0, frame = 0
 1183              		@ frame_needed = 0, uses_anonymous_args = 0
 1184 0000 F0412DE9 		stmfd	sp!, {r4, r5, r6, r7, r8, lr}
 1185 0004 0348A0E1 		mov	r4, r3, asl #16
 1186 0008 2448A0E1 		mov	r4, r4, lsr #16
 1187 000c 0030A0E1 		mov	r3, r0
 1188 0010 01C0A0E1 		mov	ip, r1
 1189 0014 0400A0E1 		mov	r0, r4
 1190 0018 0A10A0E3 		mov	r1, #10
 1191 001c FF8003E2 		and	r8, r3, #255
 1192 0020 FF600CE2 		and	r6, ip, #255
 1193 0024 FF7002E2 		and	r7, r2, #255
 1194 0028 FEFFFFEB 		bl	__umodsi3
 1195 002c FF5000E2 		and	r5, r0, #255
 1196 0030 0A10A0E3 		mov	r1, #10
 1197 0034 040065E0 		rsb	r0, r5, r4
 1198 0038 FEFFFFEB 		bl	__divsi3
 1199 003c 0038A0E1 		mov	r3, r0, asl #16
 1200 0040 2338B0E1 		movs	r3, r3, lsr #16
 1201 0044 0610A0E1 		mov	r1, r6
 1202 0048 0720A0E1 		mov	r2, r7
 1203 004c 0800A0E1 		mov	r0, r8
 1204 0050 60E09FE5 		ldr	lr, .L111
 1205 0054 1900000A 		beq	.L107
 1206 0058 00C0DEE5 		ldrb	ip, [lr, #0]	@ zero_extendqisi2
 1207 005c 01C08CE2 		add	ip, ip, #1
 1208 0060 00C0CEE5 		strb	ip, [lr, #0]
 1209 0064 FEFFFFEB 		bl	DisplayNum
 1210 0068 1C0000EA 		b	.L109
 1211              	.L107:
 1212 006c 0020DEE5 		ldrb	r2, [lr, #0]	@ zero_extendqisi2
 1213 0070 44309FE5 		ldr	r3, .L111+4
 1214 0074 0020C3E5 		strb	r2, [r3, #0]
 1215              	.L109:
 1216 0078 3CE09FE5 		ldr	lr, .L111+4
 1217 007c 34309FE5 		ldr	r3, .L111
 1218 0080 00C0DEE5 		ldrb	ip, [lr, #0]	@ zero_extendqisi2
 1219 0084 0030D3E5 		ldrb	r3, [r3, #0]	@ zero_extendqisi2
 1220 0088 0620A0E3 		mov	r2, #6
 1221 008c 03306CE0 		rsb	r3, ip, r3
 1222 0090 936221E0 		mla	r1, r3, r2, r6
 1223 0094 303085E2 		add	r3, r5, #48
 1224 0098 01C04CE2 		sub	ip, ip, #1
 1225 009c 0800A0E1 		mov	r0, r8
 1226 00a0 0720A0E1 		mov	r2, r7
 1227 00a4 FF1001E2 		and	r1, r1, #255
 1228 00a8 FF3003E2 		and	r3, r3, #255
 1229 00ac 00C0CEE5 		strb	ip, [lr, #0]
 1230 00b0 F041BDE8 		ldmfd	sp!, {r4, r5, r6, r7, r8, lr}
 1231 00b4 FEFFFFEA 		b	DisplayChar
 1232              	.L112:
 1233              		.align	2
 1234              	.L111:
 1235 00b8 00000000 		.word	digits.1905
 1236 00bc 00000000 		.word	i.1906
 1238              		.section	.text.DisplayString,"ax",%progbits
 1239              		.align	2
 1240              		.global	DisplayString
 1242              	DisplayString:
 1243              		@ args = 0, pretend = 0, frame = 0
 1244              		@ frame_needed = 0, uses_anonymous_args = 0
 1245 0000 8C309FE5 		ldr	r3, .L123
 1246 0004 10402DE9 		stmfd	sp!, {r4, lr}
 1247 0008 04C0D3E5 		ldrb	ip, [r3, #4]	@ zero_extendqisi2
 1248 000c 05E0D3E5 		ldrb	lr, [r3, #5]	@ zero_extendqisi2
 1249 0010 F81001E2 		and	r1, r1, #248
 1250 0014 FF0000E2 		and	r0, r0, #255
 1251 0018 6430A0E3 		mov	r3, #100
 1252 001c A111A0E1 		mov	r1, r1, lsr #3
 1253 0020 930121E0 		mla	r1, r3, r1, r0
 1254 0024 9E0C00E0 		mul	r0, lr, ip
 1255 0028 68309FE5 		ldr	r3, .L123+4
 1256 002c 003093E5 		ldr	r3, [r3, #0]
 1257 0030 FF4000E2 		and	r4, r0, #255
 1258 0034 01E083E0 		add	lr, r3, r1
 1259 0038 1F0000EA 		b	.L114
 1260              	.L115:
 1261 003c 203043E2 		sub	r3, r3, #32
 1262 0040 FF1003E2 		and	r1, r3, #255
 1263 0044 040051E1 		cmp	r1, r4
 1264 0048 1E00002A 		bcs	.L116
 1265 004c 40309FE5 		ldr	r3, .L123
 1266 0050 0600D3E5 		ldrb	r0, [r3, #6]	@ zero_extendqisi2
 1267 0054 083083E2 		add	r3, r3, #8
 1268 0058 90312CE0 		mla	ip, r0, r1, r3
 1269 005c 0E10A0E1 		mov	r1, lr
 1270 0060 190000EA 		b	.L118
 1271              	.L119:
 1272 0064 01305CE5 		ldrb	r3, [ip, #-1]	@ zero_extendqisi2
 1273 0068 0130C1E4 		strb	r3, [r1], #1
 1274              	.L118:
 1275 006c 00308EE0 		add	r3, lr, r0
 1276 0070 030051E1 		cmp	r1, r3
 1277 0074 01C08CE2 		add	ip, ip, #1
 1278 0078 1700001A 		bne	.L119
 1279 007c 01E0A0E1 		mov	lr, r1
 1280              	.L116:
 1281 0080 012082E2 		add	r2, r2, #1
 1282              	.L114:
 1283 0084 0030D2E5 		ldrb	r3, [r2, #0]	@ zero_extendqisi2
 1284 0088 000053E3 		cmp	r3, #0
 1285 008c 0D00001A 		bne	.L115
 1286 0090 1080BDE8 		ldmfd	sp!, {r4, pc}
 1287              	.L124:
 1288              		.align	2
 1289              	.L123:
 1290 0094 00000000 		.word	Font
 1291 0098 00000000 		.word	IOMapDisplay
 1293              		.section	.bss.IOMapDisplay,"aw",%nobits
 1294              		.align	2
 1297              	IOMapDisplay:
 1298 0000 00000000 		.space	804
 1298      00000000 
 1298      00000000 
 1298      00000000 
 1298      00000000 
 1299              		.ident	"GCC: (GNU) 4.0.2"
DEFINED SYMBOLS
                            *ABS*:00000000 display.c
     /tmp/ccE6wmi3.s:6      .rodata.Font:00000000 Font
     /tmp/ccE6wmi3.s:595    .data.DisplayLineString:00000000 DisplayLineString
     /tmp/ccE6wmi3.s:624    .data.DisplayInitString:00000000 DisplayInitString
     /tmp/ccE6wmi3.s:643    .text.DisplayInit:00000000 DisplayInit
     /tmp/ccE6wmi3.s:646    .text.DisplayInit:00000000 $a
     /tmp/ccE6wmi3.s:713    .text.DisplayInit:00000100 $d
     /tmp/ccE6wmi3.s:1297   .bss.IOMapDisplay:00000000 IOMapDisplay
     /tmp/ccE6wmi3.s:734    .text.DisplayOn:00000000 DisplayOn
     /tmp/ccE6wmi3.s:738    .text.DisplayOn:00000000 $a
     /tmp/ccE6wmi3.s:752    .text.DisplayOn:00000028 $d
     /tmp/ccE6wmi3.s:758    .text.DisplayExit:00000000 DisplayExit
     /tmp/ccE6wmi3.s:763    .text.DisplayExit:00000000 $a
     /tmp/ccE6wmi3.s:769    .text.DisplayWrite:00000000 DisplayWrite
     /tmp/ccE6wmi3.s:773    .text.DisplayWrite:00000000 $a
     /tmp/ccE6wmi3.s:800    .text.DisplayWrite:00000058 $d
     /tmp/ccE6wmi3.s:809    .bss.Line.1703:00000000 Line.1703
     /tmp/ccE6wmi3.s:815    .bss.State.1702:00000000 State.1702
     /tmp/ccE6wmi3.s:821    .text.DisplayUpdateAsync:00000000 DisplayUpdateAsync
     /tmp/ccE6wmi3.s:824    .text.DisplayUpdateAsync:00000000 $a
     /tmp/ccE6wmi3.s:885    .text.DisplayUpdateAsync:000000d8 $d
     /tmp/ccE6wmi3.s:895    .text.DisplayUpdateSync:00000000 DisplayUpdateSync
     /tmp/ccE6wmi3.s:898    .text.DisplayUpdateSync:00000000 $a
     /tmp/ccE6wmi3.s:909    .text.DisplaySetPixel:00000000 DisplaySetPixel
     /tmp/ccE6wmi3.s:913    .text.DisplaySetPixel:00000000 $a
     /tmp/ccE6wmi3.s:933    .text.DisplaySetPixel:00000040 $d
     /tmp/ccE6wmi3.s:939    .text.DisplayClrPixel:00000000 DisplayClrPixel
     /tmp/ccE6wmi3.s:943    .text.DisplayClrPixel:00000000 $a
     /tmp/ccE6wmi3.s:963    .text.DisplayClrPixel:00000040 $d
     /tmp/ccE6wmi3.s:969    .text.DisplayLineX:00000000 DisplayLineX
     /tmp/ccE6wmi3.s:972    .text.DisplayLineX:00000000 $a
     /tmp/ccE6wmi3.s:1000   .text.DisplayLineX:0000005c $d
     /tmp/ccE6wmi3.s:1006   .text.DisplayLineY:00000000 DisplayLineY
     /tmp/ccE6wmi3.s:1009   .text.DisplayLineY:00000000 $a
     /tmp/ccE6wmi3.s:1035   .text.DisplayLineY:00000054 $d
     /tmp/ccE6wmi3.s:1041   .text.DisplayEraseLine:00000000 DisplayEraseLine
     /tmp/ccE6wmi3.s:1045   .text.DisplayEraseLine:00000000 $a
     /tmp/ccE6wmi3.s:1063   .text.DisplayEraseLine:00000034 $d
     /tmp/ccE6wmi3.s:1069   .text.DisplayErase:00000000 DisplayErase
     /tmp/ccE6wmi3.s:1072   .text.DisplayErase:00000000 $a
     /tmp/ccE6wmi3.s:1086   .text.DisplayChar:00000000 DisplayChar
     /tmp/ccE6wmi3.s:1089   .text.DisplayChar:00000000 $a
     /tmp/ccE6wmi3.s:1163   .text.DisplayChar:000000f8 $d
     /tmp/ccE6wmi3.s:1168   .bss.i.1906:00000000 i.1906
     /tmp/ccE6wmi3.s:1173   .bss.digits.1905:00000000 digits.1905
     /tmp/ccE6wmi3.s:1181   .text.DisplayNum:00000000 DisplayNum
     /tmp/ccE6wmi3.s:1184   .text.DisplayNum:00000000 $a
     /tmp/ccE6wmi3.s:1235   .text.DisplayNum:000000b8 $d
     /tmp/ccE6wmi3.s:1242   .text.DisplayString:00000000 DisplayString
     /tmp/ccE6wmi3.s:1245   .text.DisplayString:00000000 $a
     /tmp/ccE6wmi3.s:1290   .text.DisplayString:00000094 $d

UNDEFINED SYMBOLS
__umodsi3
__divsi3
